{"C:\\Users\\LAMW1\\OneDrive\\Documentos\\UCC\\Ing.Sistemas\\Sexto Semestre\\Sis.Distribuidos\\Proyecto Final\\SMT\\login-pg\\app.js": {"path":"C:\\Users\\LAMW1\\OneDrive\\Documentos\\UCC\\Ing.Sistemas\\Sexto Semestre\\Sis.Distribuidos\\Proyecto Final\\SMT\\login-pg\\app.js","statementMap":{"0":{"start":{"line":20,"column":20},"end":{"line":23,"column":1}},"1":{"start":{"line":26,"column":0},"end":{"line":26,"column":24}},"2":{"start":{"line":27,"column":0},"end":{"line":27,"column":27}},"3":{"start":{"line":31,"column":0},"end":{"line":31,"column":28}},"4":{"start":{"line":32,"column":0},"end":{"line":32,"column":38}},"5":{"start":{"line":33,"column":0},"end":{"line":33,"column":42}},"6":{"start":{"line":34,"column":0},"end":{"line":34,"column":33}},"7":{"start":{"line":35,"column":0},"end":{"line":35,"column":32}},"8":{"start":{"line":36,"column":0},"end":{"line":36,"column":48}},"9":{"start":{"line":37,"column":0},"end":{"line":37,"column":28}},"10":{"start":{"line":41,"column":0},"end":{"line":41,"column":22}}},"fnMap":{},"branchMap":{},"s":{"0":4,"1":4,"2":4,"3":4,"4":4,"5":4,"6":4,"7":4,"8":4,"9":4,"10":4},"f":{},"b":{},"inputSourceMap":null,"_coverageSchema":"1a1c01bbd47fc00a2c39e90264f33305004495a9","hash":"6ec3de27808a78974530f02af35f82719a7fe521"}
,"C:\\Users\\LAMW1\\OneDrive\\Documentos\\UCC\\Ing.Sistemas\\Sexto Semestre\\Sis.Distribuidos\\Proyecto Final\\SMT\\login-pg\\devdefault.js": {"path":"C:\\Users\\LAMW1\\OneDrive\\Documentos\\UCC\\Ing.Sistemas\\Sexto Semestre\\Sis.Distribuidos\\Proyecto Final\\SMT\\login-pg\\devdefault.js","statementMap":{"0":{"start":{"line":5,"column":2},"end":{"line":5,"column":36}},"1":{"start":{"line":6,"column":2},"end":{"line":28,"column":3}},"2":{"start":{"line":8,"column":4},"end":{"line":22,"column":5}},"3":{"start":{"line":10,"column":20},"end":{"line":14,"column":7}},"4":{"start":{"line":15,"column":17},"end":{"line":15,"column":49}},"5":{"start":{"line":16,"column":6},"end":{"line":16,"column":138}},"6":{"start":{"line":17,"column":6},"end":{"line":17,"column":153}},"7":{"start":{"line":18,"column":6},"end":{"line":18,"column":148}},"8":{"start":{"line":19,"column":6},"end":{"line":19,"column":51}},"9":{"start":{"line":21,"column":6},"end":{"line":21,"column":51}},"10":{"start":{"line":23,"column":4},"end":{"line":27,"column":41}}},"fnMap":{"0":{"name":"(anonymous_0)","decl":{"start":{"line":4,"column":26},"end":{"line":4,"column":27}},"loc":{"start":{"line":4,"column":38},"end":{"line":29,"column":1}},"line":4}},"branchMap":{"0":{"loc":{"start":{"line":6,"column":2},"end":{"line":28,"column":3}},"type":"if","locations":[{"start":{"line":6,"column":2},"end":{"line":28,"column":3}},{"start":{},"end":{}}],"line":6},"1":{"loc":{"start":{"line":8,"column":4},"end":{"line":22,"column":5}},"type":"if","locations":[{"start":{"line":8,"column":4},"end":{"line":22,"column":5}},{"start":{"line":20,"column":9},"end":{"line":22,"column":5}}],"line":8},"2":{"loc":{"start":{"line":8,"column":8},"end":{"line":8,"column":89}},"type":"binary-expr","locations":[{"start":{"line":8,"column":8},"end":{"line":8,"column":18}},{"start":{"line":8,"column":22},"end":{"line":8,"column":89}}],"line":8}},"s":{"0":2,"1":2,"2":0,"3":0,"4":0,"5":0,"6":0,"7":0,"8":0,"9":0,"10":0},"f":{"0":2},"b":{"0":[0,2],"1":[0,0],"2":[0,0]},"inputSourceMap":null,"_coverageSchema":"1a1c01bbd47fc00a2c39e90264f33305004495a9","hash":"bb88e7e973952983ebca7a205a71bca4c8944a58"}
,"C:\\Users\\LAMW1\\OneDrive\\Documentos\\UCC\\Ing.Sistemas\\Sexto Semestre\\Sis.Distribuidos\\Proyecto Final\\SMT\\login-pg\\environment.js": {"path":"C:\\Users\\LAMW1\\OneDrive\\Documentos\\UCC\\Ing.Sistemas\\Sexto Semestre\\Sis.Distribuidos\\Proyecto Final\\SMT\\login-pg\\environment.js","statementMap":{"0":{"start":{"line":3,"column":16},"end":{"line":3,"column":54}},"1":{"start":{"line":5,"column":19},"end":{"line":20,"column":1}}},"fnMap":{},"branchMap":{"0":{"loc":{"start":{"line":15,"column":11},"end":{"line":15,"column":68}},"type":"cond-expr","locations":[{"start":{"line":15,"column":22},"end":{"line":15,"column":41}},{"start":{"line":15,"column":44},"end":{"line":15,"column":68}}],"line":15},"1":{"loc":{"start":{"line":16,"column":11},"end":{"line":16,"column":68}},"type":"cond-expr","locations":[{"start":{"line":16,"column":22},"end":{"line":16,"column":41}},{"start":{"line":16,"column":44},"end":{"line":16,"column":68}}],"line":16},"2":{"loc":{"start":{"line":17,"column":11},"end":{"line":17,"column":68}},"type":"cond-expr","locations":[{"start":{"line":17,"column":22},"end":{"line":17,"column":41}},{"start":{"line":17,"column":44},"end":{"line":17,"column":68}}],"line":17},"3":{"loc":{"start":{"line":18,"column":11},"end":{"line":18,"column":68}},"type":"cond-expr","locations":[{"start":{"line":18,"column":22},"end":{"line":18,"column":41}},{"start":{"line":18,"column":44},"end":{"line":18,"column":68}}],"line":18},"4":{"loc":{"start":{"line":19,"column":11},"end":{"line":19,"column":68}},"type":"cond-expr","locations":[{"start":{"line":19,"column":22},"end":{"line":19,"column":41}},{"start":{"line":19,"column":44},"end":{"line":19,"column":68}}],"line":19}},"s":{"0":4,"1":4},"f":{},"b":{"0":[0,4],"1":[0,4],"2":[0,4],"3":[0,4],"4":[0,4]},"inputSourceMap":null,"_coverageSchema":"1a1c01bbd47fc00a2c39e90264f33305004495a9","hash":"f183bde77322974603d0f37513fe66837f0fd8d6"}
,"C:\\Users\\LAMW1\\OneDrive\\Documentos\\UCC\\Ing.Sistemas\\Sexto Semestre\\Sis.Distribuidos\\Proyecto Final\\SMT\\login-pg\\middlewares.js": {"path":"C:\\Users\\LAMW1\\OneDrive\\Documentos\\UCC\\Ing.Sistemas\\Sexto Semestre\\Sis.Distribuidos\\Proyecto Final\\SMT\\login-pg\\middlewares.js","statementMap":{"0":{"start":{"line":8,"column":28},"end":{"line":11,"column":1}},"1":{"start":{"line":9,"column":2},"end":{"line":9,"column":56}},"2":{"start":{"line":10,"column":2},"end":{"line":10,"column":8}},"3":{"start":{"line":13,"column":27},"end":{"line":20,"column":1}},"4":{"start":{"line":15,"column":2},"end":{"line":15,"column":34}},"5":{"start":{"line":15,"column":20},"end":{"line":15,"column":34}},"6":{"start":{"line":17,"column":18},"end":{"line":17,"column":187}},"7":{"start":{"line":18,"column":16},"end":{"line":18,"column":41}},"8":{"start":{"line":19,"column":2},"end":{"line":19,"column":29}},"9":{"start":{"line":22,"column":36},"end":{"line":28,"column":1}},"10":{"start":{"line":23,"column":16},"end":{"line":23,"column":30}},"11":{"start":{"line":24,"column":17},"end":{"line":24,"column":35}},"12":{"start":{"line":25,"column":2},"end":{"line":25,"column":53}},"13":{"start":{"line":27,"column":2},"end":{"line":27,"column":8}},"14":{"start":{"line":30,"column":29},"end":{"line":34,"column":1}},"15":{"start":{"line":31,"column":2},"end":{"line":31,"column":54}},"16":{"start":{"line":32,"column":2},"end":{"line":32,"column":44}},"17":{"start":{"line":33,"column":2},"end":{"line":33,"column":9}},"18":{"start":{"line":36,"column":30},"end":{"line":43,"column":1}},"19":{"start":{"line":37,"column":17},"end":{"line":37,"column":38}},"20":{"start":{"line":38,"column":2},"end":{"line":41,"column":3}},"21":{"start":{"line":39,"column":4},"end":{"line":39,"column":44}},"22":{"start":{"line":40,"column":4},"end":{"line":40,"column":59}},"23":{"start":{"line":42,"column":2},"end":{"line":42,"column":8}},"24":{"start":{"line":44,"column":34},"end":{"line":50,"column":1}},"25":{"start":{"line":45,"column":18},"end":{"line":45,"column":34}},"26":{"start":{"line":46,"column":2},"end":{"line":48,"column":3}},"27":{"start":{"line":47,"column":4},"end":{"line":47,"column":104}},"28":{"start":{"line":49,"column":2},"end":{"line":49,"column":8}},"29":{"start":{"line":52,"column":28},"end":{"line":66,"column":1}},"30":{"start":{"line":53,"column":2},"end":{"line":53,"column":32}},"31":{"start":{"line":54,"column":2},"end":{"line":54,"column":27}},"32":{"start":{"line":54,"column":20},"end":{"line":54,"column":27}},"33":{"start":{"line":55,"column":2},"end":{"line":64,"column":3}},"34":{"start":{"line":56,"column":4},"end":{"line":56,"column":56}},"35":{"start":{"line":57,"column":8},"end":{"line":64,"column":3}},"36":{"start":{"line":58,"column":4},"end":{"line":58,"column":55}},"37":{"start":{"line":59,"column":8},"end":{"line":64,"column":3}},"38":{"start":{"line":60,"column":4},"end":{"line":60,"column":55}},"39":{"start":{"line":63,"column":4},"end":{"line":63,"column":61}},"40":{"start":{"line":65,"column":2},"end":{"line":65,"column":11}},"41":{"start":{"line":69,"column":30},"end":{"line":77,"column":1}},"42":{"start":{"line":70,"column":16},"end":{"line":70,"column":59}},"43":{"start":{"line":71,"column":20},"end":{"line":71,"column":45}},"44":{"start":{"line":73,"column":19},"end":{"line":73,"column":68}},"45":{"start":{"line":74,"column":2},"end":{"line":74,"column":107}},"46":{"start":{"line":74,"column":31},"end":{"line":74,"column":107}},"47":{"start":{"line":75,"column":2},"end":{"line":75,"column":25}},"48":{"start":{"line":76,"column":2},"end":{"line":76,"column":8}},"49":{"start":{"line":81,"column":28},"end":{"line":88,"column":1}},"50":{"start":{"line":82,"column":2},"end":{"line":87,"column":3}},"51":{"start":{"line":83,"column":4},"end":{"line":83,"column":52}},"52":{"start":{"line":84,"column":4},"end":{"line":84,"column":122}},"53":{"start":{"line":84,"column":51},"end":{"line":84,"column":122}},"54":{"start":{"line":86,"column":4},"end":{"line":86,"column":10}},"55":{"start":{"line":89,"column":33},"end":{"line":95,"column":1}},"56":{"start":{"line":90,"column":2},"end":{"line":94,"column":3}},"57":{"start":{"line":91,"column":23},"end":{"line":91,"column":102}},"58":{"start":{"line":91,"column":66},"end":{"line":91,"column":86}},"59":{"start":{"line":91,"column":97},"end":{"line":91,"column":101}},"60":{"start":{"line":92,"column":4},"end":{"line":92,"column":103}},"61":{"start":{"line":92,"column":51},"end":{"line":92,"column":103}},"62":{"start":{"line":93,"column":4},"end":{"line":93,"column":10}},"63":{"start":{"line":106,"column":32},"end":{"line":113,"column":1}},"64":{"start":{"line":106,"column":49},"end":{"line":113,"column":1}},"65":{"start":{"line":107,"column":19},"end":{"line":107,"column":68}},"66":{"start":{"line":108,"column":2},"end":{"line":108,"column":99}},"67":{"start":{"line":108,"column":17},"end":{"line":108,"column":99}},"68":{"start":{"line":109,"column":2},"end":{"line":109,"column":132}},"69":{"start":{"line":109,"column":36},"end":{"line":109,"column":132}},"70":{"start":{"line":110,"column":2},"end":{"line":110,"column":34}},"71":{"start":{"line":111,"column":2},"end":{"line":111,"column":25}},"72":{"start":{"line":112,"column":2},"end":{"line":112,"column":8}}},"fnMap":{"0":{"name":"(anonymous_0)","decl":{"start":{"line":8,"column":28},"end":{"line":8,"column":29}},"loc":{"start":{"line":8,"column":52},"end":{"line":11,"column":1}},"line":8},"1":{"name":"(anonymous_1)","decl":{"start":{"line":13,"column":27},"end":{"line":13,"column":28}},"loc":{"start":{"line":13,"column":46},"end":{"line":20,"column":1}},"line":13},"2":{"name":"(anonymous_2)","decl":{"start":{"line":22,"column":36},"end":{"line":22,"column":37}},"loc":{"start":{"line":22,"column":56},"end":{"line":28,"column":1}},"line":22},"3":{"name":"(anonymous_3)","decl":{"start":{"line":30,"column":29},"end":{"line":30,"column":30}},"loc":{"start":{"line":30,"column":47},"end":{"line":34,"column":1}},"line":30},"4":{"name":"(anonymous_4)","decl":{"start":{"line":36,"column":30},"end":{"line":36,"column":31}},"loc":{"start":{"line":36,"column":50},"end":{"line":43,"column":1}},"line":36},"5":{"name":"(anonymous_5)","decl":{"start":{"line":44,"column":34},"end":{"line":44,"column":35}},"loc":{"start":{"line":44,"column":54},"end":{"line":50,"column":1}},"line":44},"6":{"name":"(anonymous_6)","decl":{"start":{"line":52,"column":28},"end":{"line":52,"column":29}},"loc":{"start":{"line":52,"column":51},"end":{"line":66,"column":1}},"line":52},"7":{"name":"(anonymous_7)","decl":{"start":{"line":69,"column":30},"end":{"line":69,"column":31}},"loc":{"start":{"line":69,"column":54},"end":{"line":77,"column":1}},"line":69},"8":{"name":"(anonymous_8)","decl":{"start":{"line":81,"column":28},"end":{"line":81,"column":29}},"loc":{"start":{"line":81,"column":48},"end":{"line":88,"column":1}},"line":81},"9":{"name":"(anonymous_9)","decl":{"start":{"line":82,"column":9},"end":{"line":82,"column":10}},"loc":{"start":{"line":82,"column":33},"end":{"line":87,"column":3}},"line":82},"10":{"name":"(anonymous_10)","decl":{"start":{"line":89,"column":33},"end":{"line":89,"column":34}},"loc":{"start":{"line":89,"column":73},"end":{"line":95,"column":1}},"line":89},"11":{"name":"(anonymous_11)","decl":{"start":{"line":90,"column":9},"end":{"line":90,"column":10}},"loc":{"start":{"line":90,"column":35},"end":{"line":94,"column":3}},"line":90},"12":{"name":"(anonymous_12)","decl":{"start":{"line":91,"column":57},"end":{"line":91,"column":58}},"loc":{"start":{"line":91,"column":66},"end":{"line":91,"column":86}},"line":91},"13":{"name":"(anonymous_13)","decl":{"start":{"line":91,"column":92},"end":{"line":91,"column":93}},"loc":{"start":{"line":91,"column":97},"end":{"line":91,"column":101}},"line":91},"14":{"name":"(anonymous_14)","decl":{"start":{"line":106,"column":32},"end":{"line":106,"column":33}},"loc":{"start":{"line":106,"column":49},"end":{"line":113,"column":1}},"line":106},"15":{"name":"(anonymous_15)","decl":{"start":{"line":106,"column":49},"end":{"line":106,"column":50}},"loc":{"start":{"line":106,"column":75},"end":{"line":113,"column":1}},"line":106}},"branchMap":{"0":{"loc":{"start":{"line":15,"column":2},"end":{"line":15,"column":34}},"type":"if","locations":[{"start":{"line":15,"column":2},"end":{"line":15,"column":34}},{"start":{},"end":{}}],"line":15},"1":{"loc":{"start":{"line":38,"column":2},"end":{"line":41,"column":3}},"type":"if","locations":[{"start":{"line":38,"column":2},"end":{"line":41,"column":3}},{"start":{},"end":{}}],"line":38},"2":{"loc":{"start":{"line":46,"column":2},"end":{"line":48,"column":3}},"type":"if","locations":[{"start":{"line":46,"column":2},"end":{"line":48,"column":3}},{"start":{},"end":{}}],"line":46},"3":{"loc":{"start":{"line":54,"column":2},"end":{"line":54,"column":27}},"type":"if","locations":[{"start":{"line":54,"column":2},"end":{"line":54,"column":27}},{"start":{},"end":{}}],"line":54},"4":{"loc":{"start":{"line":55,"column":2},"end":{"line":64,"column":3}},"type":"if","locations":[{"start":{"line":55,"column":2},"end":{"line":64,"column":3}},{"start":{"line":57,"column":8},"end":{"line":64,"column":3}}],"line":55},"5":{"loc":{"start":{"line":57,"column":8},"end":{"line":64,"column":3}},"type":"if","locations":[{"start":{"line":57,"column":8},"end":{"line":64,"column":3}},{"start":{"line":59,"column":8},"end":{"line":64,"column":3}}],"line":57},"6":{"loc":{"start":{"line":57,"column":12},"end":{"line":57,"column":71}},"type":"binary-expr","locations":[{"start":{"line":57,"column":12},"end":{"line":57,"column":41}},{"start":{"line":57,"column":45},"end":{"line":57,"column":71}}],"line":57},"7":{"loc":{"start":{"line":59,"column":8},"end":{"line":64,"column":3}},"type":"if","locations":[{"start":{"line":59,"column":8},"end":{"line":64,"column":3}},{"start":{"line":61,"column":7},"end":{"line":64,"column":3}}],"line":59},"8":{"loc":{"start":{"line":74,"column":2},"end":{"line":74,"column":107}},"type":"if","locations":[{"start":{"line":74,"column":2},"end":{"line":74,"column":107}},{"start":{},"end":{}}],"line":74},"9":{"loc":{"start":{"line":74,"column":6},"end":{"line":74,"column":29}},"type":"binary-expr","locations":[{"start":{"line":74,"column":6},"end":{"line":74,"column":16}},{"start":{"line":74,"column":20},"end":{"line":74,"column":29}}],"line":74},"10":{"loc":{"start":{"line":84,"column":4},"end":{"line":84,"column":122}},"type":"if","locations":[{"start":{"line":84,"column":4},"end":{"line":84,"column":122}},{"start":{},"end":{}}],"line":84},"11":{"loc":{"start":{"line":89,"column":56},"end":{"line":89,"column":68}},"type":"default-arg","locations":[{"start":{"line":89,"column":66},"end":{"line":89,"column":68}}],"line":89},"12":{"loc":{"start":{"line":92,"column":4},"end":{"line":92,"column":103}},"type":"if","locations":[{"start":{"line":92,"column":4},"end":{"line":92,"column":103}},{"start":{},"end":{}}],"line":92},"13":{"loc":{"start":{"line":108,"column":2},"end":{"line":108,"column":99}},"type":"if","locations":[{"start":{"line":108,"column":2},"end":{"line":108,"column":99}},{"start":{},"end":{}}],"line":108},"14":{"loc":{"start":{"line":109,"column":2},"end":{"line":109,"column":132}},"type":"if","locations":[{"start":{"line":109,"column":2},"end":{"line":109,"column":132}},{"start":{},"end":{}}],"line":109}},"s":{"0":4,"1":14,"2":14,"3":4,"4":3,"5":0,"6":3,"7":3,"8":3,"9":4,"10":14,"11":14,"12":14,"13":14,"14":4,"15":13,"16":13,"17":13,"18":4,"19":43,"20":43,"21":1,"22":1,"23":42,"24":4,"25":2,"26":2,"27":0,"28":2,"29":4,"30":7,"31":7,"32":0,"33":7,"34":0,"35":7,"36":6,"37":1,"38":0,"39":1,"40":1,"41":4,"42":13,"43":13,"44":13,"45":13,"46":1,"47":12,"48":12,"49":4,"50":116,"51":12,"52":12,"53":6,"54":6,"55":4,"56":36,"57":0,"58":0,"59":0,"60":0,"61":0,"62":0,"63":4,"64":24,"65":0,"66":0,"67":0,"68":0,"69":0,"70":0,"71":0,"72":0},"f":{"0":14,"1":3,"2":14,"3":13,"4":43,"5":2,"6":7,"7":13,"8":116,"9":12,"10":36,"11":0,"12":0,"13":0,"14":24,"15":0},"b":{"0":[0,3],"1":[1,42],"2":[0,2],"3":[0,7],"4":[0,7],"5":[6,1],"6":[7,1],"7":[0,1],"8":[1,12],"9":[13,12],"10":[6,6],"11":[16],"12":[0,0],"13":[0,0],"14":[0,0]},"inputSourceMap":null,"_coverageSchema":"1a1c01bbd47fc00a2c39e90264f33305004495a9","hash":"c30e22e99a14d021d66698a11967bb447c6460d2"}
,"C:\\Users\\LAMW1\\OneDrive\\Documentos\\UCC\\Ing.Sistemas\\Sexto Semestre\\Sis.Distribuidos\\Proyecto Final\\SMT\\login-pg\\utils.js": {"path":"C:\\Users\\LAMW1\\OneDrive\\Documentos\\UCC\\Ing.Sistemas\\Sexto Semestre\\Sis.Distribuidos\\Proyecto Final\\SMT\\login-pg\\utils.js","statementMap":{"0":{"start":{"line":1,"column":34},"end":{"line":17,"column":1}},"1":{"start":{"line":2,"column":23},"end":{"line":2,"column":40}},"2":{"start":{"line":3,"column":2},"end":{"line":14,"column":3}},"3":{"start":{"line":3,"column":15},"end":{"line":3,"column":16}},"4":{"start":{"line":4,"column":4},"end":{"line":4,"column":22}},"5":{"start":{"line":5,"column":28},"end":{"line":5,"column":48}},"6":{"start":{"line":6,"column":4},"end":{"line":11,"column":5}},"7":{"start":{"line":6,"column":17},"end":{"line":6,"column":18}},"8":{"start":{"line":7,"column":6},"end":{"line":7,"column":41}},"9":{"start":{"line":8,"column":6},"end":{"line":8,"column":45}},"10":{"start":{"line":10,"column":6},"end":{"line":10,"column":53}},"11":{"start":{"line":10,"column":35},"end":{"line":10,"column":53}},"12":{"start":{"line":12,"column":4},"end":{"line":12,"column":21}},"13":{"start":{"line":13,"column":4},"end":{"line":13,"column":47}},"14":{"start":{"line":13,"column":30},"end":{"line":13,"column":47}},"15":{"start":{"line":16,"column":2},"end":{"line":16,"column":46}},"16":{"start":{"line":16,"column":17},"end":{"line":16,"column":46}}},"fnMap":{"0":{"name":"(anonymous_0)","decl":{"start":{"line":1,"column":34},"end":{"line":1,"column":35}},"loc":{"start":{"line":1,"column":75},"end":{"line":17,"column":1}},"line":1}},"branchMap":{"0":{"loc":{"start":{"line":1,"column":54},"end":{"line":1,"column":70}},"type":"default-arg","locations":[{"start":{"line":1,"column":66},"end":{"line":1,"column":70}}],"line":1},"1":{"loc":{"start":{"line":10,"column":6},"end":{"line":10,"column":53}},"type":"if","locations":[{"start":{"line":10,"column":6},"end":{"line":10,"column":53}},{"start":{},"end":{}}],"line":10},"2":{"loc":{"start":{"line":13,"column":4},"end":{"line":13,"column":47}},"type":"if","locations":[{"start":{"line":13,"column":4},"end":{"line":13,"column":47}},{"start":{},"end":{}}],"line":13},"3":{"loc":{"start":{"line":16,"column":2},"end":{"line":16,"column":46}},"type":"if","locations":[{"start":{"line":16,"column":2},"end":{"line":16,"column":46}},{"start":{},"end":{}}],"line":16}},"s":{"0":4,"1":1,"2":1,"3":1,"4":4,"5":4,"6":4,"7":4,"8":12,"9":12,"10":12,"11":8,"12":4,"13":4,"14":3,"15":1,"16":1},"f":{"0":1},"b":{"0":[1],"1":[8,4],"2":[3,1],"3":[1,0]},"inputSourceMap":null,"_coverageSchema":"1a1c01bbd47fc00a2c39e90264f33305004495a9","hash":"9e0f3228530878aa622b4c9c401fb0e18515036a"}
,"C:\\Users\\LAMW1\\OneDrive\\Documentos\\UCC\\Ing.Sistemas\\Sexto Semestre\\Sis.Distribuidos\\Proyecto Final\\SMT\\login-pg\\controllers\\carrito_compras.js": {"path":"C:\\Users\\LAMW1\\OneDrive\\Documentos\\UCC\\Ing.Sistemas\\Sexto Semestre\\Sis.Distribuidos\\Proyecto Final\\SMT\\login-pg\\controllers\\carrito_compras.js","statementMap":{"0":{"start":{"line":3,"column":40},"end":{"line":37,"column":1}},"1":{"start":{"line":5,"column":26},"end":{"line":5,"column":37}},"2":{"start":{"line":6,"column":27},"end":{"line":6,"column":37}},"3":{"start":{"line":7,"column":26},"end":{"line":7,"column":92}},"4":{"start":{"line":8,"column":4},"end":{"line":8,"column":178}},"5":{"start":{"line":8,"column":87},"end":{"line":8,"column":178}},"6":{"start":{"line":9,"column":28},"end":{"line":9,"column":105}},"7":{"start":{"line":11,"column":4},"end":{"line":11,"column":41}},"8":{"start":{"line":14,"column":27},"end":{"line":14,"column":37}},"9":{"start":{"line":15,"column":30},"end":{"line":15,"column":82}},"10":{"start":{"line":17,"column":4},"end":{"line":17,"column":43}},"11":{"start":{"line":20,"column":26},"end":{"line":20,"column":37}},"12":{"start":{"line":21,"column":22},"end":{"line":21,"column":80}},"13":{"start":{"line":23,"column":4},"end":{"line":23,"column":35}},"14":{"start":{"line":26,"column":26},"end":{"line":26,"column":37}},"15":{"start":{"line":27,"column":27},"end":{"line":27,"column":37}},"16":{"start":{"line":28,"column":21},"end":{"line":28,"column":91}},"17":{"start":{"line":30,"column":4},"end":{"line":30,"column":22}},"18":{"start":{"line":33,"column":26},"end":{"line":33,"column":37}},"19":{"start":{"line":34,"column":21},"end":{"line":34,"column":79}},"20":{"start":{"line":35,"column":4},"end":{"line":35,"column":22}}},"fnMap":{"0":{"name":"(anonymous_0)","decl":{"start":{"line":4,"column":19},"end":{"line":4,"column":20}},"loc":{"start":{"line":4,"column":38},"end":{"line":12,"column":3}},"line":4},"1":{"name":"(anonymous_1)","decl":{"start":{"line":13,"column":21},"end":{"line":13,"column":22}},"loc":{"start":{"line":13,"column":40},"end":{"line":18,"column":3}},"line":13},"2":{"name":"(anonymous_2)","decl":{"start":{"line":19,"column":27},"end":{"line":19,"column":28}},"loc":{"start":{"line":19,"column":46},"end":{"line":24,"column":3}},"line":19},"3":{"name":"(anonymous_3)","decl":{"start":{"line":25,"column":26},"end":{"line":25,"column":27}},"loc":{"start":{"line":25,"column":45},"end":{"line":31,"column":3}},"line":25},"4":{"name":"(anonymous_4)","decl":{"start":{"line":32,"column":24},"end":{"line":32,"column":25}},"loc":{"start":{"line":32,"column":43},"end":{"line":36,"column":3}},"line":32}},"branchMap":{"0":{"loc":{"start":{"line":8,"column":4},"end":{"line":8,"column":178}},"type":"if","locations":[{"start":{"line":8,"column":4},"end":{"line":8,"column":178}},{"start":{},"end":{}}],"line":8},"1":{"loc":{"start":{"line":8,"column":8},"end":{"line":8,"column":85}},"type":"binary-expr","locations":[{"start":{"line":8,"column":8},"end":{"line":8,"column":21}},{"start":{"line":8,"column":25},"end":{"line":8,"column":85}}],"line":8}},"s":{"0":4,"1":0,"2":0,"3":0,"4":0,"5":0,"6":0,"7":0,"8":0,"9":0,"10":0,"11":0,"12":0,"13":0,"14":0,"15":0,"16":0,"17":0,"18":0,"19":0,"20":0},"f":{"0":0,"1":0,"2":0,"3":0,"4":0},"b":{"0":[0,0],"1":[0,0]},"inputSourceMap":null,"_coverageSchema":"1a1c01bbd47fc00a2c39e90264f33305004495a9","hash":"79a3e63e24ac075ebdc1e7f2977ceb4357c5075d"}
,"C:\\Users\\LAMW1\\OneDrive\\Documentos\\UCC\\Ing.Sistemas\\Sexto Semestre\\Sis.Distribuidos\\Proyecto Final\\SMT\\login-pg\\controllers\\categoria_componente.js": {"path":"C:\\Users\\LAMW1\\OneDrive\\Documentos\\UCC\\Ing.Sistemas\\Sexto Semestre\\Sis.Distribuidos\\Proyecto Final\\SMT\\login-pg\\controllers\\categoria_componente.js","statementMap":{"0":{"start":{"line":3,"column":35},"end":{"line":36,"column":1}},"1":{"start":{"line":5,"column":23},"end":{"line":5,"column":53}},"2":{"start":{"line":7,"column":4},"end":{"line":7,"column":25}},"3":{"start":{"line":10,"column":28},"end":{"line":10,"column":38}},"4":{"start":{"line":12,"column":29},"end":{"line":12,"column":76}},"5":{"start":{"line":13,"column":4},"end":{"line":13,"column":30}},"6":{"start":{"line":16,"column":28},"end":{"line":16,"column":36}},"7":{"start":{"line":17,"column":29},"end":{"line":17,"column":76}},"8":{"start":{"line":19,"column":20},"end":{"line":21,"column":5}},"9":{"start":{"line":20,"column":23},"end":{"line":20,"column":114}},"10":{"start":{"line":20,"column":70},"end":{"line":20,"column":105}},"11":{"start":{"line":22,"column":4},"end":{"line":22,"column":108}},"12":{"start":{"line":22,"column":18},"end":{"line":22,"column":108}},"13":{"start":{"line":24,"column":4},"end":{"line":24,"column":11}},"14":{"start":{"line":27,"column":28},"end":{"line":27,"column":36}},"15":{"start":{"line":28,"column":29},"end":{"line":28,"column":76}},"16":{"start":{"line":30,"column":20},"end":{"line":32,"column":5}},"17":{"start":{"line":31,"column":23},"end":{"line":31,"column":105}},"18":{"start":{"line":31,"column":61},"end":{"line":31,"column":96}},"19":{"start":{"line":33,"column":4},"end":{"line":33,"column":94}},"20":{"start":{"line":33,"column":18},"end":{"line":33,"column":94}},"21":{"start":{"line":34,"column":4},"end":{"line":34,"column":11}}},"fnMap":{"0":{"name":"(anonymous_0)","decl":{"start":{"line":4,"column":21},"end":{"line":4,"column":22}},"loc":{"start":{"line":4,"column":41},"end":{"line":8,"column":3}},"line":4},"1":{"name":"(anonymous_1)","decl":{"start":{"line":9,"column":26},"end":{"line":9,"column":27}},"loc":{"start":{"line":9,"column":46},"end":{"line":14,"column":3}},"line":9},"2":{"name":"(anonymous_2)","decl":{"start":{"line":15,"column":27},"end":{"line":15,"column":28}},"loc":{"start":{"line":15,"column":52},"end":{"line":25,"column":3}},"line":15},"3":{"name":"(anonymous_3)","decl":{"start":{"line":20,"column":6},"end":{"line":20,"column":7}},"loc":{"start":{"line":20,"column":23},"end":{"line":20,"column":114}},"line":20},"4":{"name":"(anonymous_4)","decl":{"start":{"line":20,"column":65},"end":{"line":20,"column":66}},"loc":{"start":{"line":20,"column":70},"end":{"line":20,"column":105}},"line":20},"5":{"name":"(anonymous_5)","decl":{"start":{"line":26,"column":37},"end":{"line":26,"column":38}},"loc":{"start":{"line":26,"column":62},"end":{"line":35,"column":3}},"line":26},"6":{"name":"(anonymous_6)","decl":{"start":{"line":31,"column":6},"end":{"line":31,"column":7}},"loc":{"start":{"line":31,"column":23},"end":{"line":31,"column":105}},"line":31},"7":{"name":"(anonymous_7)","decl":{"start":{"line":31,"column":56},"end":{"line":31,"column":57}},"loc":{"start":{"line":31,"column":61},"end":{"line":31,"column":96}},"line":31}},"branchMap":{"0":{"loc":{"start":{"line":20,"column":23},"end":{"line":20,"column":114}},"type":"cond-expr","locations":[{"start":{"line":20,"column":31},"end":{"line":20,"column":106}},{"start":{"line":20,"column":109},"end":{"line":20,"column":114}}],"line":20},"1":{"loc":{"start":{"line":22,"column":4},"end":{"line":22,"column":108}},"type":"if","locations":[{"start":{"line":22,"column":4},"end":{"line":22,"column":108}},{"start":{},"end":{}}],"line":22},"2":{"loc":{"start":{"line":31,"column":23},"end":{"line":31,"column":105}},"type":"cond-expr","locations":[{"start":{"line":31,"column":31},"end":{"line":31,"column":97}},{"start":{"line":31,"column":100},"end":{"line":31,"column":105}}],"line":31},"3":{"loc":{"start":{"line":33,"column":4},"end":{"line":33,"column":94}},"type":"if","locations":[{"start":{"line":33,"column":4},"end":{"line":33,"column":94}},{"start":{},"end":{}}],"line":33}},"s":{"0":4,"1":0,"2":0,"3":1,"4":1,"5":1,"6":1,"7":1,"8":1,"9":4,"10":10,"11":1,"12":0,"13":1,"14":1,"15":1,"16":1,"17":2,"18":3,"19":1,"20":0,"21":1},"f":{"0":0,"1":1,"2":1,"3":4,"4":10,"5":1,"6":2,"7":3},"b":{"0":[4,0],"1":[0,1],"2":[2,0],"3":[0,1]},"inputSourceMap":null,"_coverageSchema":"1a1c01bbd47fc00a2c39e90264f33305004495a9","hash":"a1d4569a7a52f22674c6e8da8abf30ec450c60e8"}
,"C:\\Users\\LAMW1\\OneDrive\\Documentos\\UCC\\Ing.Sistemas\\Sexto Semestre\\Sis.Distribuidos\\Proyecto Final\\SMT\\login-pg\\controllers\\codigo_verificacion.js": {"path":"C:\\Users\\LAMW1\\OneDrive\\Documentos\\UCC\\Ing.Sistemas\\Sexto Semestre\\Sis.Distribuidos\\Proyecto Final\\SMT\\login-pg\\controllers\\codigo_verificacion.js","statementMap":{"0":{"start":{"line":5,"column":32},"end":{"line":33,"column":1}},"1":{"start":{"line":7,"column":34},"end":{"line":7,"column":45}},"2":{"start":{"line":8,"column":25},"end":{"line":8,"column":53}},"3":{"start":{"line":9,"column":22},"end":{"line":9,"column":68}},"4":{"start":{"line":12,"column":4},"end":{"line":15,"column":94}},"5":{"start":{"line":13,"column":6},"end":{"line":13,"column":82}},"6":{"start":{"line":15,"column":6},"end":{"line":15,"column":94}},"7":{"start":{"line":16,"column":4},"end":{"line":16,"column":62}},"8":{"start":{"line":19,"column":21},"end":{"line":19,"column":34}},"9":{"start":{"line":20,"column":23},"end":{"line":20,"column":31}},"10":{"start":{"line":21,"column":22},"end":{"line":21,"column":58}},"11":{"start":{"line":22,"column":4},"end":{"line":22,"column":26}},"12":{"start":{"line":23,"column":4},"end":{"line":30,"column":5}},"13":{"start":{"line":28,"column":6},"end":{"line":28,"column":42}},"14":{"start":{"line":29,"column":6},"end":{"line":29,"column":19}},"15":{"start":{"line":31,"column":4},"end":{"line":31,"column":75}}},"fnMap":{"0":{"name":"(anonymous_0)","decl":{"start":{"line":6,"column":15},"end":{"line":6,"column":16}},"loc":{"start":{"line":6,"column":35},"end":{"line":17,"column":3}},"line":6},"1":{"name":"(anonymous_1)","decl":{"start":{"line":18,"column":17},"end":{"line":18,"column":18}},"loc":{"start":{"line":18,"column":41},"end":{"line":32,"column":3}},"line":18}},"branchMap":{"0":{"loc":{"start":{"line":12,"column":4},"end":{"line":15,"column":94}},"type":"if","locations":[{"start":{"line":12,"column":4},"end":{"line":15,"column":94}},{"start":{"line":15,"column":6},"end":{"line":15,"column":94}}],"line":12},"1":{"loc":{"start":{"line":23,"column":4},"end":{"line":30,"column":5}},"type":"if","locations":[{"start":{"line":23,"column":4},"end":{"line":30,"column":5}},{"start":{},"end":{}}],"line":23},"2":{"loc":{"start":{"line":23,"column":8},"end":{"line":25,"column":58}},"type":"binary-expr","locations":[{"start":{"line":23,"column":8},"end":{"line":23,"column":19}},{"start":{"line":24,"column":7},"end":{"line":24,"column":72}},{"start":{"line":25,"column":7},"end":{"line":25,"column":58}}],"line":23}},"s":{"0":4,"1":13,"2":13,"3":13,"4":13,"5":13,"6":0,"7":12,"8":0,"9":0,"10":0,"11":0,"12":0,"13":0,"14":0,"15":0},"f":{"0":13,"1":0},"b":{"0":[13,0],"1":[0,0],"2":[0,0,0]},"inputSourceMap":null,"_coverageSchema":"1a1c01bbd47fc00a2c39e90264f33305004495a9","hash":"15c460cbea843d84938770dde02ce628e27890ab"}
,"C:\\Users\\LAMW1\\OneDrive\\Documentos\\UCC\\Ing.Sistemas\\Sexto Semestre\\Sis.Distribuidos\\Proyecto Final\\SMT\\login-pg\\controllers\\colombia_api.js": {"path":"C:\\Users\\LAMW1\\OneDrive\\Documentos\\UCC\\Ing.Sistemas\\Sexto Semestre\\Sis.Distribuidos\\Proyecto Final\\SMT\\login-pg\\controllers\\colombia_api.js","statementMap":{"0":{"start":{"line":3,"column":37},"end":{"line":20,"column":1}},"1":{"start":{"line":5,"column":26},"end":{"line":5,"column":66}},"2":{"start":{"line":6,"column":4},"end":{"line":6,"column":27}},"3":{"start":{"line":10,"column":27},"end":{"line":10,"column":52}},"4":{"start":{"line":11,"column":23},"end":{"line":11,"column":74}},"5":{"start":{"line":12,"column":4},"end":{"line":12,"column":24}},"6":{"start":{"line":15,"column":28},"end":{"line":15,"column":38}},"7":{"start":{"line":16,"column":19},"end":{"line":16,"column":78}},"8":{"start":{"line":17,"column":4},"end":{"line":17,"column":18}}},"fnMap":{"0":{"name":"(anonymous_0)","decl":{"start":{"line":4,"column":24},"end":{"line":4,"column":25}},"loc":{"start":{"line":4,"column":43},"end":{"line":7,"column":3}},"line":4},"1":{"name":"(anonymous_1)","decl":{"start":{"line":9,"column":27},"end":{"line":9,"column":28}},"loc":{"start":{"line":9,"column":46},"end":{"line":13,"column":3}},"line":9},"2":{"name":"(anonymous_2)","decl":{"start":{"line":14,"column":32},"end":{"line":14,"column":33}},"loc":{"start":{"line":14,"column":51},"end":{"line":18,"column":3}},"line":14}},"branchMap":{},"s":{"0":4,"1":1,"2":1,"3":2,"4":2,"5":2,"6":0,"7":0,"8":0},"f":{"0":1,"1":2,"2":0},"b":{},"inputSourceMap":null,"_coverageSchema":"1a1c01bbd47fc00a2c39e90264f33305004495a9","hash":"55b81d5e1196ee325248a971c10fd3495efc58f8"}
,"C:\\Users\\LAMW1\\OneDrive\\Documentos\\UCC\\Ing.Sistemas\\Sexto Semestre\\Sis.Distribuidos\\Proyecto Final\\SMT\\login-pg\\controllers\\componente.js": {"path":"C:\\Users\\LAMW1\\OneDrive\\Documentos\\UCC\\Ing.Sistemas\\Sexto Semestre\\Sis.Distribuidos\\Proyecto Final\\SMT\\login-pg\\controllers\\componente.js","statementMap":{"0":{"start":{"line":3,"column":36},"end":{"line":45,"column":1}},"1":{"start":{"line":5,"column":21},"end":{"line":5,"column":52}},"2":{"start":{"line":7,"column":4},"end":{"line":7,"column":23}},"3":{"start":{"line":10,"column":29},"end":{"line":10,"column":39}},"4":{"start":{"line":11,"column":29},"end":{"line":11,"column":78}},"5":{"start":{"line":13,"column":4},"end":{"line":13,"column":112}},"6":{"start":{"line":13,"column":27},"end":{"line":13,"column":112}},"7":{"start":{"line":14,"column":4},"end":{"line":14,"column":31}},"8":{"start":{"line":17,"column":29},"end":{"line":17,"column":39}},"9":{"start":{"line":18,"column":23},"end":{"line":18,"column":67}},"10":{"start":{"line":19,"column":29},"end":{"line":19,"column":78}},"11":{"start":{"line":21,"column":4},"end":{"line":21,"column":108}},"12":{"start":{"line":21,"column":21},"end":{"line":21,"column":108}},"13":{"start":{"line":22,"column":4},"end":{"line":22,"column":49}},"14":{"start":{"line":25,"column":18},"end":{"line":25,"column":56}},"15":{"start":{"line":26,"column":29},"end":{"line":26,"column":108}},"16":{"start":{"line":27,"column":4},"end":{"line":27,"column":56}},"17":{"start":{"line":30,"column":25},"end":{"line":30,"column":48}},"18":{"start":{"line":31,"column":24},"end":{"line":31,"column":76}},"19":{"start":{"line":32,"column":4},"end":{"line":32,"column":66}},"20":{"start":{"line":32,"column":36},"end":{"line":32,"column":66}},"21":{"start":{"line":34,"column":4},"end":{"line":35,"column":85}},"22":{"start":{"line":35,"column":6},"end":{"line":35,"column":85}},"23":{"start":{"line":36,"column":29},"end":{"line":36,"column":78}},"24":{"start":{"line":37,"column":4},"end":{"line":37,"column":62}},"25":{"start":{"line":40,"column":25},"end":{"line":40,"column":48}},"26":{"start":{"line":41,"column":24},"end":{"line":41,"column":60}},"27":{"start":{"line":42,"column":4},"end":{"line":42,"column":120}},"28":{"start":{"line":42,"column":22},"end":{"line":42,"column":120}},"29":{"start":{"line":43,"column":4},"end":{"line":43,"column":26}}},"fnMap":{"0":{"name":"(anonymous_0)","decl":{"start":{"line":4,"column":19},"end":{"line":4,"column":20}},"loc":{"start":{"line":4,"column":39},"end":{"line":8,"column":3}},"line":4},"1":{"name":"(anonymous_1)","decl":{"start":{"line":9,"column":26},"end":{"line":9,"column":27}},"loc":{"start":{"line":9,"column":46},"end":{"line":15,"column":3}},"line":9},"2":{"name":"(anonymous_2)","decl":{"start":{"line":16,"column":11},"end":{"line":16,"column":12}},"loc":{"start":{"line":16,"column":35},"end":{"line":23,"column":3}},"line":16},"3":{"name":"(anonymous_3)","decl":{"start":{"line":24,"column":9},"end":{"line":24,"column":10}},"loc":{"start":{"line":24,"column":29},"end":{"line":28,"column":3}},"line":24},"4":{"name":"(anonymous_4)","decl":{"start":{"line":29,"column":14},"end":{"line":29,"column":15}},"loc":{"start":{"line":29,"column":33},"end":{"line":38,"column":3}},"line":29},"5":{"name":"(anonymous_5)","decl":{"start":{"line":39,"column":12},"end":{"line":39,"column":13}},"loc":{"start":{"line":39,"column":31},"end":{"line":44,"column":3}},"line":39}},"branchMap":{"0":{"loc":{"start":{"line":13,"column":4},"end":{"line":13,"column":112}},"type":"if","locations":[{"start":{"line":13,"column":4},"end":{"line":13,"column":112}},{"start":{},"end":{}}],"line":13},"1":{"loc":{"start":{"line":21,"column":4},"end":{"line":21,"column":108}},"type":"if","locations":[{"start":{"line":21,"column":4},"end":{"line":21,"column":108}},{"start":{},"end":{}}],"line":21},"2":{"loc":{"start":{"line":32,"column":4},"end":{"line":32,"column":66}},"type":"if","locations":[{"start":{"line":32,"column":4},"end":{"line":32,"column":66}},{"start":{},"end":{}}],"line":32},"3":{"loc":{"start":{"line":42,"column":4},"end":{"line":42,"column":120}},"type":"if","locations":[{"start":{"line":42,"column":4},"end":{"line":42,"column":120}},{"start":{},"end":{}}],"line":42}},"s":{"0":4,"1":12,"2":12,"3":0,"4":0,"5":0,"6":0,"7":0,"8":1,"9":1,"10":1,"11":1,"12":0,"13":1,"14":1,"15":1,"16":1,"17":1,"18":1,"19":1,"20":0,"21":1,"22":2,"23":1,"24":1,"25":1,"26":1,"27":1,"28":0,"29":1},"f":{"0":12,"1":0,"2":1,"3":1,"4":1,"5":1},"b":{"0":[0,0],"1":[0,1],"2":[0,1],"3":[0,1]},"inputSourceMap":null,"_coverageSchema":"1a1c01bbd47fc00a2c39e90264f33305004495a9","hash":"87a895e77946e3ba1acc27863edd727a8f72c57d"}
,"C:\\Users\\LAMW1\\OneDrive\\Documentos\\UCC\\Ing.Sistemas\\Sexto Semestre\\Sis.Distribuidos\\Proyecto Final\\SMT\\login-pg\\controllers\\conversacion.js": {"path":"C:\\Users\\LAMW1\\OneDrive\\Documentos\\UCC\\Ing.Sistemas\\Sexto Semestre\\Sis.Distribuidos\\Proyecto Final\\SMT\\login-pg\\controllers\\conversacion.js","statementMap":{"0":{"start":{"line":3,"column":38},"end":{"line":24,"column":1}},"1":{"start":{"line":5,"column":25},"end":{"line":5,"column":35}},"2":{"start":{"line":6,"column":21},"end":{"line":6,"column":71}},"3":{"start":{"line":8,"column":4},"end":{"line":8,"column":29}},"4":{"start":{"line":11,"column":26},"end":{"line":11,"column":37}},"5":{"start":{"line":12,"column":25},"end":{"line":12,"column":35}},"6":{"start":{"line":13,"column":25},"end":{"line":13,"column":78}},"7":{"start":{"line":14,"column":4},"end":{"line":14,"column":85}},"8":{"start":{"line":14,"column":23},"end":{"line":14,"column":85}},"9":{"start":{"line":15,"column":4},"end":{"line":15,"column":108}},"10":{"start":{"line":18,"column":26},"end":{"line":18,"column":37}},"11":{"start":{"line":19,"column":25},"end":{"line":19,"column":69}},"12":{"start":{"line":20,"column":4},"end":{"line":20,"column":87}},"13":{"start":{"line":20,"column":25},"end":{"line":20,"column":87}},"14":{"start":{"line":21,"column":4},"end":{"line":21,"column":138}},"15":{"start":{"line":21,"column":70},"end":{"line":21,"column":135}},"16":{"start":{"line":22,"column":4},"end":{"line":22,"column":35}}},"fnMap":{"0":{"name":"(anonymous_0)","decl":{"start":{"line":4,"column":23},"end":{"line":4,"column":24}},"loc":{"start":{"line":4,"column":47},"end":{"line":9,"column":3}},"line":4},"1":{"name":"(anonymous_1)","decl":{"start":{"line":10,"column":23},"end":{"line":10,"column":24}},"loc":{"start":{"line":10,"column":47},"end":{"line":16,"column":3}},"line":10},"2":{"name":"(anonymous_2)","decl":{"start":{"line":17,"column":25},"end":{"line":17,"column":26}},"loc":{"start":{"line":17,"column":49},"end":{"line":23,"column":3}},"line":17},"3":{"name":"(anonymous_3)","decl":{"start":{"line":21,"column":58},"end":{"line":21,"column":59}},"loc":{"start":{"line":21,"column":70},"end":{"line":21,"column":135}},"line":21}},"branchMap":{"0":{"loc":{"start":{"line":14,"column":4},"end":{"line":14,"column":85}},"type":"if","locations":[{"start":{"line":14,"column":4},"end":{"line":14,"column":85}},{"start":{},"end":{}}],"line":14},"1":{"loc":{"start":{"line":20,"column":4},"end":{"line":20,"column":87}},"type":"if","locations":[{"start":{"line":20,"column":4},"end":{"line":20,"column":87}},{"start":{},"end":{}}],"line":20}},"s":{"0":4,"1":0,"2":0,"3":0,"4":0,"5":0,"6":0,"7":0,"8":0,"9":0,"10":0,"11":0,"12":0,"13":0,"14":0,"15":0,"16":0},"f":{"0":0,"1":0,"2":0,"3":0},"b":{"0":[0,0],"1":[0,0]},"inputSourceMap":null,"_coverageSchema":"1a1c01bbd47fc00a2c39e90264f33305004495a9","hash":"3ede72cf0d1ad3e6328ff7de8ef19bc68f5ddd57"}
,"C:\\Users\\LAMW1\\OneDrive\\Documentos\\UCC\\Ing.Sistemas\\Sexto Semestre\\Sis.Distribuidos\\Proyecto Final\\SMT\\login-pg\\controllers\\domicilio.js": {"path":"C:\\Users\\LAMW1\\OneDrive\\Documentos\\UCC\\Ing.Sistemas\\Sexto Semestre\\Sis.Distribuidos\\Proyecto Final\\SMT\\login-pg\\controllers\\domicilio.js","statementMap":{"0":{"start":{"line":3,"column":35},"end":{"line":40,"column":1}},"1":{"start":{"line":6,"column":22},"end":{"line":6,"column":43}},"2":{"start":{"line":7,"column":22},"end":{"line":7,"column":88}},"3":{"start":{"line":8,"column":4},"end":{"line":8,"column":42}},"4":{"start":{"line":11,"column":22},"end":{"line":11,"column":43}},"5":{"start":{"line":12,"column":24},"end":{"line":12,"column":70}},"6":{"start":{"line":13,"column":4},"end":{"line":13,"column":26}},"7":{"start":{"line":16,"column":22},"end":{"line":16,"column":43}},"8":{"start":{"line":17,"column":24},"end":{"line":17,"column":46}},"9":{"start":{"line":18,"column":22},"end":{"line":18,"column":94}},"10":{"start":{"line":19,"column":4},"end":{"line":19,"column":95}},"11":{"start":{"line":19,"column":19},"end":{"line":19,"column":95}},"12":{"start":{"line":20,"column":4},"end":{"line":20,"column":42}},"13":{"start":{"line":23,"column":22},"end":{"line":23,"column":43}},"14":{"start":{"line":24,"column":24},"end":{"line":24,"column":46}},"15":{"start":{"line":25,"column":22},"end":{"line":25,"column":84}},"16":{"start":{"line":26,"column":4},"end":{"line":26,"column":96}},"17":{"start":{"line":26,"column":19},"end":{"line":26,"column":96}},"18":{"start":{"line":27,"column":4},"end":{"line":27,"column":43}},"19":{"start":{"line":31,"column":26},"end":{"line":31,"column":37}},"20":{"start":{"line":32,"column":28},"end":{"line":32,"column":38}},"21":{"start":{"line":33,"column":22},"end":{"line":33,"column":90}},"22":{"start":{"line":34,"column":4},"end":{"line":34,"column":54}},"23":{"start":{"line":35,"column":4},"end":{"line":35,"column":96}},"24":{"start":{"line":35,"column":19},"end":{"line":35,"column":96}},"25":{"start":{"line":36,"column":4},"end":{"line":36,"column":43}}},"fnMap":{"0":{"name":"(anonymous_0)","decl":{"start":{"line":5,"column":18},"end":{"line":5,"column":19}},"loc":{"start":{"line":5,"column":37},"end":{"line":9,"column":3}},"line":5},"1":{"name":"(anonymous_1)","decl":{"start":{"line":10,"column":20},"end":{"line":10,"column":21}},"loc":{"start":{"line":10,"column":39},"end":{"line":14,"column":3}},"line":10},"2":{"name":"(anonymous_2)","decl":{"start":{"line":15,"column":23},"end":{"line":15,"column":24}},"loc":{"start":{"line":15,"column":42},"end":{"line":21,"column":3}},"line":15},"3":{"name":"(anonymous_3)","decl":{"start":{"line":22,"column":21},"end":{"line":22,"column":22}},"loc":{"start":{"line":22,"column":40},"end":{"line":28,"column":3}},"line":22},"4":{"name":"(anonymous_4)","decl":{"start":{"line":30,"column":28},"end":{"line":30,"column":29}},"loc":{"start":{"line":30,"column":47},"end":{"line":38,"column":3}},"line":30}},"branchMap":{"0":{"loc":{"start":{"line":19,"column":4},"end":{"line":19,"column":95}},"type":"if","locations":[{"start":{"line":19,"column":4},"end":{"line":19,"column":95}},{"start":{},"end":{}}],"line":19},"1":{"loc":{"start":{"line":26,"column":4},"end":{"line":26,"column":96}},"type":"if","locations":[{"start":{"line":26,"column":4},"end":{"line":26,"column":96}},{"start":{},"end":{}}],"line":26},"2":{"loc":{"start":{"line":35,"column":4},"end":{"line":35,"column":96}},"type":"if","locations":[{"start":{"line":35,"column":4},"end":{"line":35,"column":96}},{"start":{},"end":{}}],"line":35}},"s":{"0":4,"1":0,"2":0,"3":0,"4":0,"5":0,"6":0,"7":0,"8":0,"9":0,"10":0,"11":0,"12":0,"13":0,"14":0,"15":0,"16":0,"17":0,"18":0,"19":0,"20":0,"21":0,"22":0,"23":0,"24":0,"25":0},"f":{"0":0,"1":0,"2":0,"3":0,"4":0},"b":{"0":[0,0],"1":[0,0],"2":[0,0]},"inputSourceMap":null,"_coverageSchema":"1a1c01bbd47fc00a2c39e90264f33305004495a9","hash":"b9759704e82b7da1f0971c503819c4bdf3de17b9"}
,"C:\\Users\\LAMW1\\OneDrive\\Documentos\\UCC\\Ing.Sistemas\\Sexto Semestre\\Sis.Distribuidos\\Proyecto Final\\SMT\\login-pg\\controllers\\inventario.js": {"path":"C:\\Users\\LAMW1\\OneDrive\\Documentos\\UCC\\Ing.Sistemas\\Sexto Semestre\\Sis.Distribuidos\\Proyecto Final\\SMT\\login-pg\\controllers\\inventario.js","statementMap":{"0":{"start":{"line":4,"column":36},"end":{"line":46,"column":1}},"1":{"start":{"line":6,"column":23},"end":{"line":6,"column":54}},"2":{"start":{"line":8,"column":4},"end":{"line":8,"column":25}},"3":{"start":{"line":11,"column":27},"end":{"line":11,"column":37}},"4":{"start":{"line":12,"column":4},"end":{"line":12,"column":44}},"5":{"start":{"line":13,"column":21},"end":{"line":13,"column":63}},"6":{"start":{"line":14,"column":4},"end":{"line":14,"column":104}},"7":{"start":{"line":14,"column":19},"end":{"line":14,"column":104}},"8":{"start":{"line":15,"column":4},"end":{"line":15,"column":23}},"9":{"start":{"line":18,"column":27},"end":{"line":18,"column":37}},"10":{"start":{"line":19,"column":21},"end":{"line":19,"column":63}},"11":{"start":{"line":21,"column":4},"end":{"line":21,"column":104}},"12":{"start":{"line":21,"column":19},"end":{"line":21,"column":104}},"13":{"start":{"line":22,"column":4},"end":{"line":22,"column":119}},"14":{"start":{"line":22,"column":53},"end":{"line":22,"column":119}},"15":{"start":{"line":23,"column":4},"end":{"line":23,"column":66}},"16":{"start":{"line":24,"column":4},"end":{"line":24,"column":10}},"17":{"start":{"line":27,"column":29},"end":{"line":27,"column":39}},"18":{"start":{"line":28,"column":26},"end":{"line":28,"column":83}},"19":{"start":{"line":29,"column":4},"end":{"line":29,"column":137}},"20":{"start":{"line":29,"column":24},"end":{"line":29,"column":137}},"21":{"start":{"line":30,"column":21},"end":{"line":30,"column":77}},"22":{"start":{"line":31,"column":4},"end":{"line":31,"column":34}},"23":{"start":{"line":34,"column":27},"end":{"line":34,"column":37}},"24":{"start":{"line":35,"column":32},"end":{"line":35,"column":85}},"25":{"start":{"line":36,"column":4},"end":{"line":36,"column":115}},"26":{"start":{"line":36,"column":30},"end":{"line":36,"column":115}},"27":{"start":{"line":37,"column":21},"end":{"line":37,"column":63}},"28":{"start":{"line":38,"column":4},"end":{"line":38,"column":34}},"29":{"start":{"line":41,"column":27},"end":{"line":41,"column":37}},"30":{"start":{"line":42,"column":30},"end":{"line":42,"column":72}},"31":{"start":{"line":44,"column":4},"end":{"line":44,"column":43}}},"fnMap":{"0":{"name":"(anonymous_0)","decl":{"start":{"line":5,"column":20},"end":{"line":5,"column":21}},"loc":{"start":{"line":5,"column":40},"end":{"line":9,"column":3}},"line":5},"1":{"name":"(anonymous_1)","decl":{"start":{"line":10,"column":19},"end":{"line":10,"column":20}},"loc":{"start":{"line":10,"column":43},"end":{"line":16,"column":3}},"line":10},"2":{"name":"(anonymous_2)","decl":{"start":{"line":17,"column":27},"end":{"line":17,"column":28}},"loc":{"start":{"line":17,"column":51},"end":{"line":25,"column":3}},"line":17},"3":{"name":"(anonymous_3)","decl":{"start":{"line":26,"column":17},"end":{"line":26,"column":18}},"loc":{"start":{"line":26,"column":37},"end":{"line":32,"column":3}},"line":26},"4":{"name":"(anonymous_4)","decl":{"start":{"line":33,"column":22},"end":{"line":33,"column":23}},"loc":{"start":{"line":33,"column":42},"end":{"line":39,"column":3}},"line":33},"5":{"name":"(anonymous_5)","decl":{"start":{"line":40,"column":20},"end":{"line":40,"column":21}},"loc":{"start":{"line":40,"column":40},"end":{"line":45,"column":3}},"line":40}},"branchMap":{"0":{"loc":{"start":{"line":14,"column":4},"end":{"line":14,"column":104}},"type":"if","locations":[{"start":{"line":14,"column":4},"end":{"line":14,"column":104}},{"start":{},"end":{}}],"line":14},"1":{"loc":{"start":{"line":21,"column":4},"end":{"line":21,"column":104}},"type":"if","locations":[{"start":{"line":21,"column":4},"end":{"line":21,"column":104}},{"start":{},"end":{}}],"line":21},"2":{"loc":{"start":{"line":22,"column":4},"end":{"line":22,"column":119}},"type":"if","locations":[{"start":{"line":22,"column":4},"end":{"line":22,"column":119}},{"start":{},"end":{}}],"line":22},"3":{"loc":{"start":{"line":29,"column":4},"end":{"line":29,"column":137}},"type":"if","locations":[{"start":{"line":29,"column":4},"end":{"line":29,"column":137}},{"start":{},"end":{}}],"line":29},"4":{"loc":{"start":{"line":36,"column":4},"end":{"line":36,"column":115}},"type":"if","locations":[{"start":{"line":36,"column":4},"end":{"line":36,"column":115}},{"start":{},"end":{}}],"line":36}},"s":{"0":4,"1":10,"2":10,"3":3,"4":3,"5":3,"6":3,"7":0,"8":3,"9":0,"10":0,"11":0,"12":0,"13":0,"14":0,"15":0,"16":0,"17":1,"18":1,"19":1,"20":0,"21":1,"22":1,"23":1,"24":1,"25":1,"26":0,"27":1,"28":1,"29":1,"30":1,"31":1},"f":{"0":10,"1":3,"2":0,"3":1,"4":1,"5":1},"b":{"0":[0,3],"1":[0,0],"2":[0,0],"3":[0,1],"4":[0,1]},"inputSourceMap":null,"_coverageSchema":"1a1c01bbd47fc00a2c39e90264f33305004495a9","hash":"3e9a352a34c7b8dba40c3a883b8145c245552bb5"}
,"C:\\Users\\LAMW1\\OneDrive\\Documentos\\UCC\\Ing.Sistemas\\Sexto Semestre\\Sis.Distribuidos\\Proyecto Final\\SMT\\login-pg\\controllers\\mailer.js": {"path":"C:\\Users\\LAMW1\\OneDrive\\Documentos\\UCC\\Ing.Sistemas\\Sexto Semestre\\Sis.Distribuidos\\Proyecto Final\\SMT\\login-pg\\controllers\\mailer.js","statementMap":{"0":{"start":{"line":6,"column":32},"end":{"line":15,"column":1}},"1":{"start":{"line":8,"column":4},"end":{"line":12,"column":6}},"2":{"start":{"line":13,"column":4},"end":{"line":13,"column":11}}},"fnMap":{"0":{"name":"(anonymous_0)","decl":{"start":{"line":7,"column":20},"end":{"line":7,"column":21}},"loc":{"start":{"line":7,"column":46},"end":{"line":14,"column":3}},"line":7}},"branchMap":{"0":{"loc":{"start":{"line":8,"column":4},"end":{"line":12,"column":6}},"type":"binary-expr","locations":[{"start":{"line":8,"column":4},"end":{"line":8,"column":16}},{"start":{"line":8,"column":20},"end":{"line":12,"column":6}}],"line":8}},"s":{"0":4,"1":13,"2":13},"f":{"0":13},"b":{"0":[13,0]},"inputSourceMap":null,"_coverageSchema":"1a1c01bbd47fc00a2c39e90264f33305004495a9","hash":"bd3c4c9a5877f4d24876c7fd099d8bb845009d42"}
,"C:\\Users\\LAMW1\\OneDrive\\Documentos\\UCC\\Ing.Sistemas\\Sexto Semestre\\Sis.Distribuidos\\Proyecto Final\\SMT\\login-pg\\controllers\\notificacion.js": {"path":"C:\\Users\\LAMW1\\OneDrive\\Documentos\\UCC\\Ing.Sistemas\\Sexto Semestre\\Sis.Distribuidos\\Proyecto Final\\SMT\\login-pg\\controllers\\notificacion.js","statementMap":{"0":{"start":{"line":4,"column":38},"end":{"line":28,"column":1}},"1":{"start":{"line":6,"column":46},"end":{"line":6,"column":57}},"2":{"start":{"line":7,"column":4},"end":{"line":7,"column":30}},"3":{"start":{"line":7,"column":23},"end":{"line":7,"column":30}},"4":{"start":{"line":8,"column":4},"end":{"line":8,"column":29}},"5":{"start":{"line":9,"column":27},"end":{"line":9,"column":84}},"6":{"start":{"line":10,"column":4},"end":{"line":10,"column":66}},"7":{"start":{"line":11,"column":4},"end":{"line":13,"column":5}},"8":{"start":{"line":12,"column":6},"end":{"line":12,"column":85}},"9":{"start":{"line":16,"column":26},"end":{"line":16,"column":37}},"10":{"start":{"line":17,"column":27},"end":{"line":17,"column":82}},"11":{"start":{"line":18,"column":4},"end":{"line":18,"column":28}},"12":{"start":{"line":21,"column":26},"end":{"line":21,"column":37}},"13":{"start":{"line":22,"column":31},"end":{"line":22,"column":41}},"14":{"start":{"line":23,"column":25},"end":{"line":23,"column":83}},"15":{"start":{"line":24,"column":4},"end":{"line":24,"column":29}},"16":{"start":{"line":26,"column":4},"end":{"line":26,"column":26}}},"fnMap":{"0":{"name":"(anonymous_0)","decl":{"start":{"line":5,"column":13},"end":{"line":5,"column":14}},"loc":{"start":{"line":5,"column":28},"end":{"line":14,"column":3}},"line":5},"1":{"name":"(anonymous_1)","decl":{"start":{"line":15,"column":32},"end":{"line":15,"column":33}},"loc":{"start":{"line":15,"column":52},"end":{"line":19,"column":3}},"line":15},"2":{"name":"(anonymous_2)","decl":{"start":{"line":20,"column":19},"end":{"line":20,"column":20}},"loc":{"start":{"line":20,"column":39},"end":{"line":27,"column":3}},"line":20}},"branchMap":{"0":{"loc":{"start":{"line":7,"column":4},"end":{"line":7,"column":30}},"type":"if","locations":[{"start":{"line":7,"column":4},"end":{"line":7,"column":30}},{"start":{},"end":{}}],"line":7},"1":{"loc":{"start":{"line":11,"column":4},"end":{"line":13,"column":5}},"type":"if","locations":[{"start":{"line":11,"column":4},"end":{"line":13,"column":5}},{"start":{},"end":{}}],"line":11},"2":{"loc":{"start":{"line":11,"column":8},"end":{"line":11,"column":31}},"type":"binary-expr","locations":[{"start":{"line":11,"column":8},"end":{"line":11,"column":13}},{"start":{"line":11,"column":17},"end":{"line":11,"column":31}}],"line":11}},"s":{"0":4,"1":0,"2":0,"3":0,"4":0,"5":0,"6":0,"7":0,"8":0,"9":0,"10":0,"11":0,"12":0,"13":0,"14":0,"15":0,"16":0},"f":{"0":0,"1":0,"2":0},"b":{"0":[0,0],"1":[0,0],"2":[0,0]},"inputSourceMap":null,"_coverageSchema":"1a1c01bbd47fc00a2c39e90264f33305004495a9","hash":"429aa505018ecc7be3a922cb69ca89533b23702b"}
,"C:\\Users\\LAMW1\\OneDrive\\Documentos\\UCC\\Ing.Sistemas\\Sexto Semestre\\Sis.Distribuidos\\Proyecto Final\\SMT\\login-pg\\controllers\\ticket.js": {"path":"C:\\Users\\LAMW1\\OneDrive\\Documentos\\UCC\\Ing.Sistemas\\Sexto Semestre\\Sis.Distribuidos\\Proyecto Final\\SMT\\login-pg\\controllers\\ticket.js","statementMap":{"0":{"start":{"line":10,"column":31},"end":{"line":19,"column":1}},"1":{"start":{"line":11,"column":2},"end":{"line":18,"column":4}},"2":{"start":{"line":20,"column":35},"end":{"line":29,"column":1}},"3":{"start":{"line":21,"column":2},"end":{"line":28,"column":4}},"4":{"start":{"line":31,"column":36},"end":{"line":44,"column":1}},"5":{"start":{"line":32,"column":2},"end":{"line":43,"column":4}},"6":{"start":{"line":45,"column":36},"end":{"line":54,"column":1}},"7":{"start":{"line":46,"column":2},"end":{"line":53,"column":4}},"8":{"start":{"line":59,"column":34},"end":{"line":73,"column":1}},"9":{"start":{"line":60,"column":2},"end":{"line":72,"column":4}},"10":{"start":{"line":75,"column":39},"end":{"line":88,"column":1}},"11":{"start":{"line":76,"column":2},"end":{"line":87,"column":4}},"12":{"start":{"line":89,"column":33},"end":{"line":92,"column":1}},"13":{"start":{"line":90,"column":24},"end":{"line":90,"column":81}},"14":{"start":{"line":91,"column":2},"end":{"line":91,"column":114}},"15":{"start":{"line":95,"column":32},"end":{"line":276,"column":1}},"16":{"start":{"line":97,"column":26},"end":{"line":97,"column":37}},"17":{"start":{"line":98,"column":24},"end":{"line":98,"column":78}},"18":{"start":{"line":99,"column":4},"end":{"line":99,"column":37}},"19":{"start":{"line":100,"column":4},"end":{"line":100,"column":43}},"20":{"start":{"line":101,"column":4},"end":{"line":101,"column":61}},"21":{"start":{"line":102,"column":4},"end":{"line":102,"column":10}},"22":{"start":{"line":105,"column":24},"end":{"line":105,"column":69}},"23":{"start":{"line":107,"column":4},"end":{"line":107,"column":37}},"24":{"start":{"line":108,"column":4},"end":{"line":108,"column":61}},"25":{"start":{"line":109,"column":4},"end":{"line":109,"column":10}},"26":{"start":{"line":113,"column":30},"end":{"line":113,"column":41}},"27":{"start":{"line":114,"column":4},"end":{"line":115,"column":46}},"28":{"start":{"line":114,"column":43},"end":{"line":114,"column":95}},"29":{"start":{"line":115,"column":9},"end":{"line":115,"column":46}},"30":{"start":{"line":116,"column":4},"end":{"line":125,"column":5}},"31":{"start":{"line":117,"column":6},"end":{"line":117,"column":109}},"32":{"start":{"line":117,"column":41},"end":{"line":117,"column":108}},"33":{"start":{"line":118,"column":11},"end":{"line":125,"column":5}},"34":{"start":{"line":119,"column":6},"end":{"line":124,"column":9}},"35":{"start":{"line":120,"column":8},"end":{"line":123,"column":9}},"36":{"start":{"line":121,"column":10},"end":{"line":121,"column":71}},"37":{"start":{"line":122,"column":10},"end":{"line":122,"column":31}},"38":{"start":{"line":126,"column":4},"end":{"line":131,"column":7}},"39":{"start":{"line":127,"column":6},"end":{"line":130,"column":7}},"40":{"start":{"line":128,"column":8},"end":{"line":128,"column":67}},"41":{"start":{"line":129,"column":8},"end":{"line":129,"column":28}},"42":{"start":{"line":133,"column":4},"end":{"line":133,"column":21}},"43":{"start":{"line":136,"column":25},"end":{"line":136,"column":35}},"44":{"start":{"line":137,"column":19},"end":{"line":137,"column":55}},"45":{"start":{"line":138,"column":4},"end":{"line":138,"column":94}},"46":{"start":{"line":138,"column":17},"end":{"line":138,"column":94}},"47":{"start":{"line":139,"column":4},"end":{"line":143,"column":5}},"48":{"start":{"line":141,"column":6},"end":{"line":141,"column":75}},"49":{"start":{"line":142,"column":6},"end":{"line":142,"column":95}},"50":{"start":{"line":144,"column":4},"end":{"line":144,"column":20}},"51":{"start":{"line":147,"column":26},"end":{"line":147,"column":37}},"52":{"start":{"line":148,"column":25},"end":{"line":148,"column":35}},"53":{"start":{"line":149,"column":19},"end":{"line":149,"column":74}},"54":{"start":{"line":150,"column":4},"end":{"line":150,"column":93}},"55":{"start":{"line":150,"column":17},"end":{"line":150,"column":93}},"56":{"start":{"line":151,"column":4},"end":{"line":151,"column":98}},"57":{"start":{"line":151,"column":34},"end":{"line":151,"column":98}},"58":{"start":{"line":152,"column":4},"end":{"line":152,"column":20}},"59":{"start":{"line":155,"column":25},"end":{"line":155,"column":35}},"60":{"start":{"line":156,"column":19},"end":{"line":156,"column":68}},"61":{"start":{"line":157,"column":4},"end":{"line":157,"column":94}},"62":{"start":{"line":157,"column":17},"end":{"line":157,"column":94}},"63":{"start":{"line":158,"column":4},"end":{"line":158,"column":20}},"64":{"start":{"line":159,"column":30},"end":{"line":159,"column":82}},"65":{"start":{"line":160,"column":4},"end":{"line":160,"column":34}},"66":{"start":{"line":161,"column":4},"end":{"line":161,"column":95}},"67":{"start":{"line":162,"column":4},"end":{"line":162,"column":11}},"68":{"start":{"line":165,"column":26},"end":{"line":165,"column":37}},"69":{"start":{"line":166,"column":18},"end":{"line":166,"column":60}},"70":{"start":{"line":167,"column":4},"end":{"line":169,"column":7}},"71":{"start":{"line":168,"column":6},"end":{"line":168,"column":92}},"72":{"start":{"line":168,"column":31},"end":{"line":168,"column":92}},"73":{"start":{"line":170,"column":4},"end":{"line":170,"column":21}},"74":{"start":{"line":173,"column":25},"end":{"line":173,"column":35}},"75":{"start":{"line":174,"column":19},"end":{"line":174,"column":55}},"76":{"start":{"line":175,"column":4},"end":{"line":175,"column":49}},"77":{"start":{"line":175,"column":35},"end":{"line":175,"column":49}},"78":{"start":{"line":176,"column":4},"end":{"line":176,"column":98}},"79":{"start":{"line":179,"column":26},"end":{"line":179,"column":37}},"80":{"start":{"line":180,"column":25},"end":{"line":180,"column":35}},"81":{"start":{"line":181,"column":19},"end":{"line":181,"column":72}},"82":{"start":{"line":183,"column":4},"end":{"line":183,"column":94}},"83":{"start":{"line":183,"column":17},"end":{"line":183,"column":94}},"84":{"start":{"line":184,"column":4},"end":{"line":184,"column":32}},"85":{"start":{"line":186,"column":30},"end":{"line":186,"column":82}},"86":{"start":{"line":187,"column":4},"end":{"line":187,"column":34}},"87":{"start":{"line":188,"column":4},"end":{"line":188,"column":92}},"88":{"start":{"line":189,"column":4},"end":{"line":189,"column":11}},"89":{"start":{"line":192,"column":26},"end":{"line":192,"column":37}},"90":{"start":{"line":193,"column":25},"end":{"line":193,"column":35}},"91":{"start":{"line":194,"column":19},"end":{"line":194,"column":75}},"92":{"start":{"line":195,"column":4},"end":{"line":195,"column":110}},"93":{"start":{"line":195,"column":17},"end":{"line":195,"column":110}},"94":{"start":{"line":196,"column":4},"end":{"line":196,"column":32}},"95":{"start":{"line":200,"column":26},"end":{"line":200,"column":37}},"96":{"start":{"line":201,"column":25},"end":{"line":201,"column":35}},"97":{"start":{"line":202,"column":19},"end":{"line":202,"column":71}},"98":{"start":{"line":203,"column":4},"end":{"line":203,"column":110}},"99":{"start":{"line":203,"column":17},"end":{"line":203,"column":110}},"100":{"start":{"line":204,"column":4},"end":{"line":204,"column":32}},"101":{"start":{"line":205,"column":4},"end":{"line":205,"column":72}},"102":{"start":{"line":206,"column":4},"end":{"line":206,"column":10}},"103":{"start":{"line":209,"column":25},"end":{"line":209,"column":35}},"104":{"start":{"line":210,"column":19},"end":{"line":210,"column":59}},"105":{"start":{"line":211,"column":30},"end":{"line":211,"column":82}},"106":{"start":{"line":212,"column":4},"end":{"line":212,"column":92}},"107":{"start":{"line":213,"column":4},"end":{"line":213,"column":32}},"108":{"start":{"line":214,"column":4},"end":{"line":214,"column":10}},"109":{"start":{"line":217,"column":25},"end":{"line":217,"column":35}},"110":{"start":{"line":218,"column":19},"end":{"line":218,"column":71}},"111":{"start":{"line":219,"column":30},"end":{"line":219,"column":82}},"112":{"start":{"line":220,"column":4},"end":{"line":220,"column":90}},"113":{"start":{"line":221,"column":4},"end":{"line":221,"column":32}},"114":{"start":{"line":222,"column":4},"end":{"line":222,"column":10}},"115":{"start":{"line":225,"column":25},"end":{"line":225,"column":35}},"116":{"start":{"line":226,"column":19},"end":{"line":226,"column":60}},"117":{"start":{"line":227,"column":4},"end":{"line":227,"column":72}},"118":{"start":{"line":227,"column":17},"end":{"line":227,"column":72}},"119":{"start":{"line":228,"column":4},"end":{"line":228,"column":23}},"120":{"start":{"line":229,"column":4},"end":{"line":229,"column":32}},"121":{"start":{"line":230,"column":30},"end":{"line":230,"column":82}},"122":{"start":{"line":231,"column":4},"end":{"line":231,"column":92}},"123":{"start":{"line":232,"column":4},"end":{"line":232,"column":10}},"124":{"start":{"line":235,"column":25},"end":{"line":235,"column":35}},"125":{"start":{"line":236,"column":26},"end":{"line":236,"column":37}},"126":{"start":{"line":237,"column":22},"end":{"line":237,"column":77}},"127":{"start":{"line":238,"column":4},"end":{"line":238,"column":160}},"128":{"start":{"line":238,"column":87},"end":{"line":238,"column":160}},"129":{"start":{"line":239,"column":4},"end":{"line":239,"column":25}},"130":{"start":{"line":240,"column":32},"end":{"line":240,"column":85}},"131":{"start":{"line":241,"column":30},"end":{"line":241,"column":83}},"132":{"start":{"line":242,"column":4},"end":{"line":242,"column":57}},"133":{"start":{"line":243,"column":4},"end":{"line":243,"column":43}},"134":{"start":{"line":244,"column":4},"end":{"line":244,"column":86}},"135":{"start":{"line":245,"column":4},"end":{"line":245,"column":10}},"136":{"start":{"line":248,"column":16},"end":{"line":248,"column":56}},"137":{"start":{"line":249,"column":4},"end":{"line":249,"column":20}},"138":{"start":{"line":250,"column":4},"end":{"line":250,"column":17}},"139":{"start":{"line":253,"column":32},"end":{"line":253,"column":42}},"140":{"start":{"line":254,"column":16},"end":{"line":254,"column":75}},"141":{"start":{"line":255,"column":4},"end":{"line":255,"column":127}},"142":{"start":{"line":255,"column":14},"end":{"line":255,"column":127}},"143":{"start":{"line":256,"column":4},"end":{"line":256,"column":29}},"144":{"start":{"line":259,"column":32},"end":{"line":259,"column":42}},"145":{"start":{"line":260,"column":16},"end":{"line":260,"column":66}},"146":{"start":{"line":261,"column":4},"end":{"line":261,"column":125}},"147":{"start":{"line":261,"column":14},"end":{"line":261,"column":125}},"148":{"start":{"line":262,"column":4},"end":{"line":262,"column":29}},"149":{"start":{"line":265,"column":17},"end":{"line":265,"column":50}},"150":{"start":{"line":266,"column":4},"end":{"line":266,"column":18}},"151":{"start":{"line":269,"column":20},"end":{"line":269,"column":57}},"152":{"start":{"line":270,"column":4},"end":{"line":270,"column":21}},"153":{"start":{"line":273,"column":24},"end":{"line":273,"column":63}},"154":{"start":{"line":274,"column":4},"end":{"line":274,"column":25}}},"fnMap":{"0":{"name":"(anonymous_0)","decl":{"start":{"line":10,"column":31},"end":{"line":10,"column":32}},"loc":{"start":{"line":10,"column":63},"end":{"line":19,"column":1}},"line":10},"1":{"name":"(anonymous_1)","decl":{"start":{"line":20,"column":35},"end":{"line":20,"column":36}},"loc":{"start":{"line":20,"column":56},"end":{"line":29,"column":1}},"line":20},"2":{"name":"(anonymous_2)","decl":{"start":{"line":31,"column":36},"end":{"line":31,"column":37}},"loc":{"start":{"line":31,"column":66},"end":{"line":44,"column":1}},"line":31},"3":{"name":"(anonymous_3)","decl":{"start":{"line":45,"column":36},"end":{"line":45,"column":37}},"loc":{"start":{"line":45,"column":66},"end":{"line":54,"column":1}},"line":45},"4":{"name":"(anonymous_4)","decl":{"start":{"line":59,"column":34},"end":{"line":59,"column":35}},"loc":{"start":{"line":59,"column":64},"end":{"line":73,"column":1}},"line":59},"5":{"name":"(anonymous_5)","decl":{"start":{"line":75,"column":39},"end":{"line":75,"column":40}},"loc":{"start":{"line":75,"column":69},"end":{"line":88,"column":1}},"line":75},"6":{"name":"(anonymous_6)","decl":{"start":{"line":89,"column":33},"end":{"line":89,"column":34}},"loc":{"start":{"line":89,"column":56},"end":{"line":92,"column":1}},"line":89},"7":{"name":"(anonymous_7)","decl":{"start":{"line":96,"column":22},"end":{"line":96,"column":23}},"loc":{"start":{"line":96,"column":48},"end":{"line":103,"column":3}},"line":96},"8":{"name":"(anonymous_8)","decl":{"start":{"line":104,"column":20},"end":{"line":104,"column":21}},"loc":{"start":{"line":104,"column":46},"end":{"line":110,"column":3}},"line":104},"9":{"name":"(anonymous_9)","decl":{"start":{"line":111,"column":18},"end":{"line":111,"column":19}},"loc":{"start":{"line":111,"column":38},"end":{"line":134,"column":3}},"line":111},"10":{"name":"(anonymous_10)","decl":{"start":{"line":117,"column":31},"end":{"line":117,"column":32}},"loc":{"start":{"line":117,"column":41},"end":{"line":117,"column":108}},"line":117},"11":{"name":"(anonymous_11)","decl":{"start":{"line":119,"column":36},"end":{"line":119,"column":37}},"loc":{"start":{"line":119,"column":47},"end":{"line":124,"column":7}},"line":119},"12":{"name":"(anonymous_12)","decl":{"start":{"line":126,"column":34},"end":{"line":126,"column":35}},"loc":{"start":{"line":126,"column":45},"end":{"line":131,"column":5}},"line":126},"13":{"name":"(anonymous_13)","decl":{"start":{"line":135,"column":17},"end":{"line":135,"column":18}},"loc":{"start":{"line":135,"column":43},"end":{"line":145,"column":3}},"line":135},"14":{"name":"(anonymous_14)","decl":{"start":{"line":146,"column":24},"end":{"line":146,"column":25}},"loc":{"start":{"line":146,"column":44},"end":{"line":153,"column":3}},"line":146},"15":{"name":"(anonymous_15)","decl":{"start":{"line":154,"column":19},"end":{"line":154,"column":20}},"loc":{"start":{"line":154,"column":45},"end":{"line":163,"column":3}},"line":154},"16":{"name":"(anonymous_16)","decl":{"start":{"line":164,"column":25},"end":{"line":164,"column":26}},"loc":{"start":{"line":164,"column":45},"end":{"line":171,"column":3}},"line":164},"17":{"name":"(anonymous_17)","decl":{"start":{"line":167,"column":34},"end":{"line":167,"column":35}},"loc":{"start":{"line":167,"column":45},"end":{"line":169,"column":5}},"line":167},"18":{"name":"(anonymous_18)","decl":{"start":{"line":172,"column":21},"end":{"line":172,"column":22}},"loc":{"start":{"line":172,"column":47},"end":{"line":177,"column":3}},"line":172},"19":{"name":"(anonymous_19)","decl":{"start":{"line":178,"column":19},"end":{"line":178,"column":20}},"loc":{"start":{"line":178,"column":45},"end":{"line":190,"column":3}},"line":178},"20":{"name":"(anonymous_20)","decl":{"start":{"line":191,"column":26},"end":{"line":191,"column":27}},"loc":{"start":{"line":191,"column":46},"end":{"line":198,"column":3}},"line":191},"21":{"name":"(anonymous_21)","decl":{"start":{"line":199,"column":23},"end":{"line":199,"column":24}},"loc":{"start":{"line":199,"column":49},"end":{"line":207,"column":3}},"line":199},"22":{"name":"(anonymous_22)","decl":{"start":{"line":208,"column":17},"end":{"line":208,"column":18}},"loc":{"start":{"line":208,"column":37},"end":{"line":215,"column":3}},"line":208},"23":{"name":"(anonymous_23)","decl":{"start":{"line":216,"column":18},"end":{"line":216,"column":19}},"loc":{"start":{"line":216,"column":44},"end":{"line":223,"column":3}},"line":216},"24":{"name":"(anonymous_24)","decl":{"start":{"line":224,"column":19},"end":{"line":224,"column":20}},"loc":{"start":{"line":224,"column":44},"end":{"line":233,"column":3}},"line":224},"25":{"name":"(anonymous_25)","decl":{"start":{"line":234,"column":19},"end":{"line":234,"column":20}},"loc":{"start":{"line":234,"column":44},"end":{"line":246,"column":3}},"line":234},"26":{"name":"(anonymous_26)","decl":{"start":{"line":247,"column":23},"end":{"line":247,"column":24}},"loc":{"start":{"line":247,"column":42},"end":{"line":251,"column":3}},"line":247},"27":{"name":"(anonymous_27)","decl":{"start":{"line":252,"column":26},"end":{"line":252,"column":27}},"loc":{"start":{"line":252,"column":45},"end":{"line":257,"column":3}},"line":252},"28":{"name":"(anonymous_28)","decl":{"start":{"line":258,"column":24},"end":{"line":258,"column":25}},"loc":{"start":{"line":258,"column":43},"end":{"line":263,"column":3}},"line":258},"29":{"name":"(anonymous_29)","decl":{"start":{"line":264,"column":24},"end":{"line":264,"column":25}},"loc":{"start":{"line":264,"column":43},"end":{"line":267,"column":3}},"line":264},"30":{"name":"(anonymous_30)","decl":{"start":{"line":268,"column":25},"end":{"line":268,"column":26}},"loc":{"start":{"line":268,"column":44},"end":{"line":271,"column":3}},"line":268},"31":{"name":"(anonymous_31)","decl":{"start":{"line":272,"column":27},"end":{"line":272,"column":28}},"loc":{"start":{"line":272,"column":46},"end":{"line":275,"column":3}},"line":272}},"branchMap":{"0":{"loc":{"start":{"line":36,"column":13},"end":{"line":36,"column":43}},"type":"binary-expr","locations":[{"start":{"line":36,"column":13},"end":{"line":36,"column":27}},{"start":{"line":36,"column":31},"end":{"line":36,"column":43}}],"line":36},"1":{"loc":{"start":{"line":64,"column":13},"end":{"line":64,"column":43}},"type":"binary-expr","locations":[{"start":{"line":64,"column":13},"end":{"line":64,"column":27}},{"start":{"line":64,"column":31},"end":{"line":64,"column":43}}],"line":64},"2":{"loc":{"start":{"line":80,"column":13},"end":{"line":80,"column":43}},"type":"binary-expr","locations":[{"start":{"line":80,"column":13},"end":{"line":80,"column":27}},{"start":{"line":80,"column":31},"end":{"line":80,"column":43}}],"line":80},"3":{"loc":{"start":{"line":114,"column":4},"end":{"line":115,"column":46}},"type":"if","locations":[{"start":{"line":114,"column":4},"end":{"line":115,"column":46}},{"start":{"line":115,"column":9},"end":{"line":115,"column":46}}],"line":114},"4":{"loc":{"start":{"line":116,"column":4},"end":{"line":125,"column":5}},"type":"if","locations":[{"start":{"line":116,"column":4},"end":{"line":125,"column":5}},{"start":{"line":118,"column":11},"end":{"line":125,"column":5}}],"line":116},"5":{"loc":{"start":{"line":117,"column":41},"end":{"line":117,"column":108}},"type":"binary-expr","locations":[{"start":{"line":117,"column":41},"end":{"line":117,"column":66}},{"start":{"line":117,"column":70},"end":{"line":117,"column":108}}],"line":117},"6":{"loc":{"start":{"line":118,"column":11},"end":{"line":125,"column":5}},"type":"if","locations":[{"start":{"line":118,"column":11},"end":{"line":125,"column":5}},{"start":{},"end":{}}],"line":118},"7":{"loc":{"start":{"line":120,"column":8},"end":{"line":123,"column":9}},"type":"if","locations":[{"start":{"line":120,"column":8},"end":{"line":123,"column":9}},{"start":{},"end":{}}],"line":120},"8":{"loc":{"start":{"line":127,"column":6},"end":{"line":130,"column":7}},"type":"if","locations":[{"start":{"line":127,"column":6},"end":{"line":130,"column":7}},{"start":{},"end":{}}],"line":127},"9":{"loc":{"start":{"line":138,"column":4},"end":{"line":138,"column":94}},"type":"if","locations":[{"start":{"line":138,"column":4},"end":{"line":138,"column":94}},{"start":{},"end":{}}],"line":138},"10":{"loc":{"start":{"line":139,"column":4},"end":{"line":143,"column":5}},"type":"if","locations":[{"start":{"line":139,"column":4},"end":{"line":143,"column":5}},{"start":{},"end":{}}],"line":139},"11":{"loc":{"start":{"line":150,"column":4},"end":{"line":150,"column":93}},"type":"if","locations":[{"start":{"line":150,"column":4},"end":{"line":150,"column":93}},{"start":{},"end":{}}],"line":150},"12":{"loc":{"start":{"line":151,"column":4},"end":{"line":151,"column":98}},"type":"if","locations":[{"start":{"line":151,"column":4},"end":{"line":151,"column":98}},{"start":{},"end":{}}],"line":151},"13":{"loc":{"start":{"line":157,"column":4},"end":{"line":157,"column":94}},"type":"if","locations":[{"start":{"line":157,"column":4},"end":{"line":157,"column":94}},{"start":{},"end":{}}],"line":157},"14":{"loc":{"start":{"line":168,"column":6},"end":{"line":168,"column":92}},"type":"if","locations":[{"start":{"line":168,"column":6},"end":{"line":168,"column":92}},{"start":{},"end":{}}],"line":168},"15":{"loc":{"start":{"line":175,"column":4},"end":{"line":175,"column":49}},"type":"if","locations":[{"start":{"line":175,"column":4},"end":{"line":175,"column":49}},{"start":{},"end":{}}],"line":175},"16":{"loc":{"start":{"line":183,"column":4},"end":{"line":183,"column":94}},"type":"if","locations":[{"start":{"line":183,"column":4},"end":{"line":183,"column":94}},{"start":{},"end":{}}],"line":183},"17":{"loc":{"start":{"line":195,"column":4},"end":{"line":195,"column":110}},"type":"if","locations":[{"start":{"line":195,"column":4},"end":{"line":195,"column":110}},{"start":{},"end":{}}],"line":195},"18":{"loc":{"start":{"line":203,"column":4},"end":{"line":203,"column":110}},"type":"if","locations":[{"start":{"line":203,"column":4},"end":{"line":203,"column":110}},{"start":{},"end":{}}],"line":203},"19":{"loc":{"start":{"line":227,"column":4},"end":{"line":227,"column":72}},"type":"if","locations":[{"start":{"line":227,"column":4},"end":{"line":227,"column":72}},{"start":{},"end":{}}],"line":227},"20":{"loc":{"start":{"line":238,"column":4},"end":{"line":238,"column":160}},"type":"if","locations":[{"start":{"line":238,"column":4},"end":{"line":238,"column":160}},{"start":{},"end":{}}],"line":238},"21":{"loc":{"start":{"line":238,"column":8},"end":{"line":238,"column":85}},"type":"binary-expr","locations":[{"start":{"line":238,"column":8},"end":{"line":238,"column":18}},{"start":{"line":238,"column":22},"end":{"line":238,"column":50}},{"start":{"line":238,"column":54},"end":{"line":238,"column":85}}],"line":238},"22":{"loc":{"start":{"line":255,"column":4},"end":{"line":255,"column":127}},"type":"if","locations":[{"start":{"line":255,"column":4},"end":{"line":255,"column":127}},{"start":{},"end":{}}],"line":255},"23":{"loc":{"start":{"line":261,"column":4},"end":{"line":261,"column":125}},"type":"if","locations":[{"start":{"line":261,"column":4},"end":{"line":261,"column":125}},{"start":{},"end":{}}],"line":261}},"s":{"0":4,"1":0,"2":4,"3":0,"4":4,"5":0,"6":4,"7":0,"8":4,"9":0,"10":4,"11":0,"12":4,"13":0,"14":0,"15":4,"16":0,"17":0,"18":0,"19":0,"20":0,"21":0,"22":0,"23":0,"24":0,"25":0,"26":0,"27":0,"28":0,"29":0,"30":0,"31":0,"32":0,"33":0,"34":0,"35":0,"36":0,"37":0,"38":0,"39":0,"40":0,"41":0,"42":0,"43":0,"44":0,"45":0,"46":0,"47":0,"48":0,"49":0,"50":0,"51":0,"52":0,"53":0,"54":0,"55":0,"56":0,"57":0,"58":0,"59":0,"60":0,"61":0,"62":0,"63":0,"64":0,"65":0,"66":0,"67":0,"68":0,"69":0,"70":0,"71":0,"72":0,"73":0,"74":0,"75":0,"76":0,"77":0,"78":0,"79":0,"80":0,"81":0,"82":0,"83":0,"84":0,"85":0,"86":0,"87":0,"88":0,"89":0,"90":0,"91":0,"92":0,"93":0,"94":0,"95":0,"96":0,"97":0,"98":0,"99":0,"100":0,"101":0,"102":0,"103":0,"104":0,"105":0,"106":0,"107":0,"108":0,"109":0,"110":0,"111":0,"112":0,"113":0,"114":0,"115":0,"116":0,"117":0,"118":0,"119":0,"120":0,"121":0,"122":0,"123":0,"124":0,"125":0,"126":0,"127":0,"128":0,"129":0,"130":0,"131":0,"132":0,"133":0,"134":0,"135":0,"136":0,"137":0,"138":0,"139":0,"140":0,"141":0,"142":0,"143":0,"144":0,"145":0,"146":0,"147":0,"148":0,"149":0,"150":0,"151":0,"152":0,"153":0,"154":0},"f":{"0":0,"1":0,"2":0,"3":0,"4":0,"5":0,"6":0,"7":0,"8":0,"9":0,"10":0,"11":0,"12":0,"13":0,"14":0,"15":0,"16":0,"17":0,"18":0,"19":0,"20":0,"21":0,"22":0,"23":0,"24":0,"25":0,"26":0,"27":0,"28":0,"29":0,"30":0,"31":0},"b":{"0":[0,0],"1":[0,0],"2":[0,0],"3":[0,0],"4":[0,0],"5":[0,0],"6":[0,0],"7":[0,0],"8":[0,0],"9":[0,0],"10":[0,0],"11":[0,0],"12":[0,0],"13":[0,0],"14":[0,0],"15":[0,0],"16":[0,0],"17":[0,0],"18":[0,0],"19":[0,0],"20":[0,0],"21":[0,0,0],"22":[0,0],"23":[0,0]},"inputSourceMap":null,"_coverageSchema":"1a1c01bbd47fc00a2c39e90264f33305004495a9","hash":"ca9bc56f618933af98b9d3f434f25ffff14431a7"}
,"C:\\Users\\LAMW1\\OneDrive\\Documentos\\UCC\\Ing.Sistemas\\Sexto Semestre\\Sis.Distribuidos\\Proyecto Final\\SMT\\login-pg\\controllers\\usuario.js": {"path":"C:\\Users\\LAMW1\\OneDrive\\Documentos\\UCC\\Ing.Sistemas\\Sexto Semestre\\Sis.Distribuidos\\Proyecto Final\\SMT\\login-pg\\controllers\\usuario.js","statementMap":{"0":{"start":{"line":6,"column":28},"end":{"line":10,"column":1}},"1":{"start":{"line":11,"column":0},"end":{"line":11,"column":47}},"2":{"start":{"line":13,"column":33},"end":{"line":94,"column":1}},"3":{"start":{"line":16,"column":21},"end":{"line":16,"column":34}},"4":{"start":{"line":17,"column":20},"end":{"line":17,"column":63}},"5":{"start":{"line":18,"column":4},"end":{"line":18,"column":110}},"6":{"start":{"line":18,"column":18},"end":{"line":18,"column":110}},"7":{"start":{"line":19,"column":4},"end":{"line":19,"column":72}},"8":{"start":{"line":20,"column":4},"end":{"line":20,"column":10}},"9":{"start":{"line":24,"column":25},"end":{"line":24,"column":75}},"10":{"start":{"line":25,"column":4},"end":{"line":30,"column":5}},"11":{"start":{"line":26,"column":6},"end":{"line":27,"column":63}},"12":{"start":{"line":27,"column":8},"end":{"line":27,"column":63}},"13":{"start":{"line":29,"column":6},"end":{"line":29,"column":63}},"14":{"start":{"line":31,"column":20},"end":{"line":31,"column":58}},"15":{"start":{"line":33,"column":4},"end":{"line":36,"column":6}},"16":{"start":{"line":37,"column":4},"end":{"line":37,"column":10}},"17":{"start":{"line":41,"column":21},"end":{"line":41,"column":49}},"18":{"start":{"line":42,"column":4},"end":{"line":42,"column":83}},"19":{"start":{"line":43,"column":4},"end":{"line":43,"column":10}},"20":{"start":{"line":46,"column":20},"end":{"line":46,"column":70}},"21":{"start":{"line":47,"column":4},"end":{"line":49,"column":5}},"22":{"start":{"line":48,"column":6},"end":{"line":48,"column":70}},"23":{"start":{"line":50,"column":4},"end":{"line":54,"column":5}},"24":{"start":{"line":51,"column":6},"end":{"line":51,"column":74}},"25":{"start":{"line":53,"column":6},"end":{"l
[...]
e":78,"column":1}},"line":75}},"branchMap":{"0":{"loc":{"start":{"line":7,"column":4},"end":{"line":8,"column":74}},"type":"if","locations":[{"start":{"line":7,"column":4},"end":{"line":8,"column":74}},{"start":{},"end":{}}],"line":7},"1":{"loc":{"start":{"line":16,"column":2},"end":{"line":16,"column":30}},"type":"if","locations":[{"start":{"line":16,"column":2},"end":{"line":16,"column":30}},{"start":{},"end":{}}],"line":16},"2":{"loc":{"start":{"line":24,"column":2},"end":{"line":24,"column":30}},"type":"if","locations":[{"start":{"line":24,"column":2},"end":{"line":24,"column":30}},{"start":{},"end":{}}],"line":24},"3":{"loc":{"start":{"line":29,"column":2},"end":{"line":29,"column":30}},"type":"if","locations":[{"start":{"line":29,"column":2},"end":{"line":29,"column":30}},{"start":{},"end":{}}],"line":29},"4":{"loc":{"start":{"line":38,"column":2},"end":{"line":38,"column":32}},"type":"if","locations":[{"start":{"line":38,"column":2},"end":{"line":38,"column":32}},{"start":{},"end":{}}],"line":38},"5":{"loc":{"start":{"line":44,"column":2},"end":{"line":47,"column":3}},"type":"if","locations":[{"start":{"line":44,"column":2},"end":{"line":47,"column":3}},{"start":{},"end":{}}],"line":44},"6":{"loc":{"start":{"line":53,"column":2},"end":{"line":57,"column":3}},"type":"if","locations":[{"start":{"line":53,"column":2},"end":{"line":57,"column":3}},{"start":{},"end":{}}],"line":53},"7":{"loc":{"start":{"line":53,"column":6},"end":{"line":53,"column":44}},"type":"binary-expr","locations":[{"start":{"line":53,"column":6},"end":{"line":53,"column":26}},{"start":{"line":53,"column":30},"end":{"line":53,"column":44}}],"line":53}},"s":{"0":4,"1":4,"2":1,"3":1,"4":1,"5":0,"6":1,"7":0,"8":4,"9":0,"10":0,"11":0,"12":0,"13":0,"14":4,"15":0,"16":0,"17":0,"18":0,"19":4,"20":0,"21":0,"22":0,"23":0,"24":4,"25":0,"26":4,"27":0,"28":0,"29":0,"30":4,"31":0,"32":0,"33":0,"34":0,"35":4,"36":0,"37":0,"38":0,"39":0,"40":0,"41":0,"42":4,"43":0,"44":4,"45":0,"46":4,"47":0,"48":0},"f":{"0":4,"1":1,"2":0,"3":0,"4":0,"5":0,"6":0,"7":0,"8":0,"9":0,"10":0,"11":0,"12":0,"13":0},"b":{"0":[0,1],"1":[0,0],"2":[0,0],"3":[0,0],"4":[0,0],"5":[0,0],"6":[0,0],"7":[0,0]},"inputSourceMap":null,"_coverageSchema":"1a1c01bbd47fc00a2c39e90264f33305004495a9","hash":"455e589446c31611b1acfd462833d24539a6be70"}
,"C:\\Users\\LAMW1\\OneDrive\\Documentos\\UCC\\Ing.Sistemas\\Sexto Semestre\\Sis.Distribuidos\\Proyecto Final\\SMT\\login-pg\\socket\\events\\chat.js": {"path":"C:\\Users\\LAMW1\\OneDrive\\Documentos\\UCC\\Ing.Sistemas\\Sexto Semestre\\Sis.Distribuidos\\Proyecto Final\\SMT\\login-pg\\socket\\events\\chat.js","statementMap":{"0":{"start":{"line":5,"column":15},"end":{"line":9,"column":2}},"1":{"start":{"line":11,"column":19},"end":{"line":49,"column":1}},"2":{"start":{"line":13,"column":42},"end":{"line":47,"column":5}},"3":{"start":{"line":14,"column":26},"end":{"line":14,"column":42}},"4":{"start":{"line":15,"column":31},"end":{"line":15,"column":55}},"5":{"start":{"line":16,"column":6},"end":{"line":16,"column":42}},"6":{"start":{"line":16,"column":17},"end":{"line":16,"column":42}},"7":{"start":{"line":17,"column":6},"end":{"line":44,"column":7}},"8":{"start":{"line":18,"column":23},"end":{"line":18,"column":65}},"9":{"start":{"line":19,"column":8},"end":{"line":19,"column":77}},"10":{"start":{"line":19,"column":71},"end":{"line":19,"column":77}},"11":{"start":{"line":21,"column":25},"end":{"line":21,"column":42}},"12":{"start":{"line":22,"column":27},"end":{"line":22,"column":102}},"13":{"start":{"line":23,"column":27},"end":{"line":23,"column":82}},"14":{"start":{"line":24,"column":8},"end":{"line":24,"column":41}},"15":{"start":{"line":25,"column":8},"end":{"line":28,"column":9}},"16":{"start":{"line":26,"column":10},"end":{"line":26,"column":35}},"17":{"start":{"line":27,"column":10},"end":{"line":27,"column":50}},"18":{"start":{"line":29,"column":8},"end":{"line":29,"column":37}},"19":{"start":{"line":30,"column":30},"end":{"line":37,"column":10}},"20":{"start":{"line":40,"column":8},"end":{"line":40,"column":91}},"21":{"start":{"line":41,"column":8},"end":{"line":41,"column":25}},"22":{"start":{"line":43,"column":8},"end":{"line":43,"column":22}}},"fnMap":{"0":{"name":"(anonymous_0)","decl":{"start":{"line":13,"column":22},"end":{"line":13,"column":23}},"loc":{"start":{"line":13,"column":42},"end":{"line":47,"column":5}},"line":13},"1":{"name":"(anonymous_1)","decl":{"start":{"line":13,"column":42},"end":{"line":13,"column":43}},"loc":{"start":{"line":13,"column":65},"end":{"line":47,"column":5}},"line":13}},"branchMap":{"0":{"loc":{"start":{"line":16,"column":6},"end":{"line":16,"column":42}},"type":"if","locations":[{"start":{"line":16,"column":6},"end":{"line":16,"column":42}},{"start":{},"end":{}}],"line":16},"1":{"loc":{"start":{"line":19,"column":8},"end":{"line":19,"column":77}},"type":"if","locations":[{"start":{"line":19,"column":8},"end":{"line":19,"column":77}},{"start":{},"end":{}}],"line":19},"2":{"loc":{"start":{"line":19,"column":12},"end":{"line":19,"column":69}},"type":"binary-expr","locations":[{"start":{"line":19,"column":12},"end":{"line":19,"column":19}},{"start":{"line":19,"column":23},"end":{"line":19,"column":40}},{"start":{"line":19,"column":44},"end":{"line":19,"column":69}}],"line":19},"3":{"loc":{"start":{"line":22,"column":27},"end":{"line":22,"column":102}},"type":"cond-expr","locations":[{"start":{"line":22,"column":59},"end":{"line":22,"column":83}},{"start":{"line":22,"column":86},"end":{"line":22,"column":102}}],"line":22},"4":{"loc":{"start":{"line":25,"column":8},"end":{"line":28,"column":9}},"type":"if","locations":[{"start":{"line":25,"column":8},"end":{"line":28,"column":9}},{"start":{},"end":{}}],"line":25}},"s":{"0":4,"1":4,"2":0,"3":0,"4":0,"5":0,"6":0,"7":0,"8":0,"9":0,"10":0,"11":0,"12":0,"13":0,"14":0,"15":0,"16":0,"17":0,"18":0,"19":0,"20":0,"21":0,"22":0},"f":{"0":0,"1":0},"b":{"0":[0,0],"1":[0,0],"2":[0,0,0],"3":[0,0],"4":[0,0]},"inputSourceMap":null,"_coverageSchema":"1a1c01bbd47fc00a2c39e90264f33305004495a9","hash":"aab882d75bfa1b97f0cd275ebe0e1a6262e7b119"}
,"C:\\Users\\LAMW1\\OneDrive\\Documentos\\UCC\\Ing.Sistemas\\Sexto Semestre\\Sis.Distribuidos\\Proyecto Final\\SMT\\login-pg\\templates\\email_templates.js": {"path":"C:\\Users\\LAMW1\\OneDrive\\Documentos\\UCC\\Ing.Sistemas\\Sexto Semestre\\Sis.Distribuidos\\Proyecto Final\\SMT\\login-pg\\templates\\email_templates.js","statementMap":{"0":{"start":{"line":1,"column":30},"end":{"line":33,"column":1}},"1":{"start":{"line":4,"column":4},"end":{"line":31,"column":5}}},"fnMap":{"0":{"name":"(anonymous_0)","decl":{"start":{"line":3,"column":22},"end":{"line":3,"column":23}},"loc":{"start":{"line":3,"column":34},"end":{"line":32,"column":3}},"line":3}},"branchMap":{},"s":{"0":4,"1":0},"f":{"0":0},"b":{},"inputSourceMap":null,"_coverageSchema":"1a1c01bbd47fc00a2c39e90264f33305004495a9","hash":"43baf26b976e88c3eaa03ec6a8caf4296c47c0f3"}
,"C:\\Users\\LAMW1\\OneDrive\\Documentos\\UCC\\Ing.Sistemas\\Sexto Semestre\\Sis.Distribuidos\\Proyecto Final\\SMT\\login-pg\\tests\\test_helper.js": {"path":"C:\\Users\\LAMW1\\OneDrive\\Documentos\\UCC\\Ing.Sistemas\\Sexto Semestre\\Sis.Distribuidos\\Proyecto Final\\SMT\\login-pg\\tests\\test_helper.js","statementMap":{"0":{"start":{"line":3,"column":29},"end":{"line":6,"column":1}},"1":{"start":{"line":5,"column":2},"end":{"line":5,"column":47}}},"fnMap":{"0":{"name":"(anonymous_0)","decl":{"start":{"line":3,"column":29},"end":{"line":3,"column":30}},"loc":{"start":{"line":3,"column":41},"end":{"line":6,"column":1}},"line":3}},"branchMap":{},"s":{"0":4,"1":7},"f":{"0":7},"b":{},"inputSourceMap":null,"_coverageSchema":"1a1c01bbd47fc00a2c39e90264f33305004495a9","hash":"716d0c9a7ac9e2acd952af56c09719a4c7b71714"}
,"C:\\Users\\LAMW1\\OneDrive\\Documentos\\UCC\\Ing.Sistemas\\Sexto Semestre\\Sis.Distribuidos\\Proyecto Final\\SMT\\login-pg\\validators\\codigo_validator.js": {"path":"C:\\Users\\LAMW1\\OneDrive\\Documentos\\UCC\\Ing.Sistemas\\Sexto Semestre\\Sis.Distribuidos\\Proyecto Final\\SMT\\login-pg\\validators\\codigo_validator.js","statementMap":{"0":{"start":{"line":3,"column":31},"end":{"line":5,"column":1}}},"fnMap":{},"branchMap":{},"s":{"0":4},"f":{},"b":{},"inputSourceMap":null,"_coverageSchema":"1a1c01bbd47fc00a2c39e90264f33305004495a9","hash":"c88122bb940cdd58bbf89eeec8e4efad18b555bb"}
,"C:\\Users\\LAMW1\\OneDrive\\Documentos\\UCC\\Ing.Sistemas\\Sexto Semestre\\Sis.Distribuidos\\Proyecto Final\\SMT\\login-pg\\validators\\componente_validator.js": {"path":"C:\\Users\\LAMW1\\OneDrive\\Documentos\\UCC\\Ing.Sistemas\\Sexto Semestre\\Sis.Distribuidos\\Proyecto Final\\SMT\\login-pg\\validators\\componente_validator.js","statementMap":{"0":{"start":{"line":3,"column":35},"end":{"line":10,"column":1}}},"fnMap":{},"branchMap":{},"s":{"0":4},"f":{},"b":{},"inputSourceMap":null,"_coverageSchema":"1a1c01bbd47fc00a2c39e90264f33305004495a9","hash":"728344bb1936d78be2a11a120a7a766ab0743fa2"}
,"C:\\Users\\LAMW1\\OneDrive\\Documentos\\UCC\\Ing.Sistemas\\Sexto Semestre\\Sis.Distribuidos\\Proyecto Final\\SMT\\login-pg\\validators\\direccion_validator.js": {"path":"C:\\Users\\LAMW1\\OneDrive\\Documentos\\UCC\\Ing.Sistemas\\Sexto Semestre\\Sis.Distribuidos\\Proyecto Final\\SMT\\login-pg\\validators\\direccion_validator.js","statementMap":{"0":{"start":{"line":3,"column":34},"end":{"line":9,"column":1}}},"fnMap":{},"branchMap":{},"s":{"0":4},"f":{},"b":{},"inputSourceMap":null,"_coverageSchema":"1a1c01bbd47fc00a2c39e90264f33305004495a9","hash":"ae1d480ba08810bb59f356c71e4764ef98b8cc06"}
,"C:\\Users\\LAMW1\\OneDrive\\Documentos\\UCC\\Ing.Sistemas\\Sexto Semestre\\Sis.Distribuidos\\Proyecto Final\\SMT\\login-pg\\validators\\especs_validator.js": {"path":"C:\\Users\\LAMW1\\OneDrive\\Documentos\\UCC\\Ing.Sistemas\\Sexto Semestre\\Sis.Distribuidos\\Proyecto Final\\SMT\\login-pg\\validators\\especs_validator.js","statementMap":{"0":{"start":{"line":3,"column":31},"end":{"line":8,"column":1}}},"fnMap":{},"branchMap":{},"s":{"0":4},"f":{},"b":{},"inputSourceMap":null,"_coverageSchema":"1a1c01bbd47fc00a2c39e90264f33305004495a9","hash":"c48e9c961645995e83fd14e054f3fbc291ab270f"}
,"C:\\Users\\LAMW1\\OneDrive\\Documentos\\UCC\\Ing.Sistemas\\Sexto Semestre\\Sis.Distribuidos\\Proyecto Final\\SMT\\login-pg\\validators\\general_validators.js": {"path":"C:\\Users\\LAMW1\\OneDrive\\Documentos\\UCC\\Ing.Sistemas\\Sexto Semestre\\Sis.Distribuidos\\Proyecto Final\\SMT\\login-pg\\validators\\general_validators.js","statementMap":{"0":{"start":{"line":3,"column":34},"end":{"line":7,"column":1}},"1":{"start":{"line":4,"column":2},"end":{"line":4,"column":54}},"2":{"start":{"line":4,"column":32},"end":{"line":4,"column":54}},"3":{"start":{"line":5,"column":2},"end":{"line":5,"column":79}},"4":{"start":{"line":5,"column":30},"end":{"line":5,"column":78}},"5":{"start":{"line":9,"column":36},"end":{"line":12,"column":1}},"6":{"start":{"line":10,"column":2},"end":{"line":10,"column":54}},"7":{"start":{"line":10,"column":32},"end":{"line":10,"column":54}},"8":{"start":{"line":11,"column":2},"end":{"line":11,"column":86}},"9":{"start":{"line":11,"column":30},"end":{"line":11,"column":85}}},"fnMap":{"0":{"name":"(anonymous_0)","decl":{"start":{"line":3,"column":34},"end":{"line":3,"column":35}},"loc":{"start":{"line":3,"column":54},"end":{"line":7,"column":1}},"line":3},"1":{"name":"(anonymous_1)","decl":{"start":{"line":5,"column":25},"end":{"line":5,"column":26}},"loc":{"start":{"line":5,"column":30},"end":{"line":5,"column":78}},"line":5},"2":{"name":"(anonymous_2)","decl":{"start":{"line":9,"column":36},"end":{"line":9,"column":37}},"loc":{"start":{"line":9,"column":56},"end":{"line":12,"column":1}},"line":9},"3":{"name":"(anonymous_3)","decl":{"start":{"line":11,"column":25},"end":{"line":11,"column":26}},"loc":{"start":{"line":11,"column":30},"end":{"line":11,"column":85}},"line":11}},"branchMap":{"0":{"loc":{"start":{"line":4,"column":2},"end":{"line":4,"column":54}},"type":"if","locations":[{"start":{"line":4,"column":2},"end":{"line":4,"column":54}},{"start":{},"end":{}}],"line":4},"1":{"loc":{"start":{"line":10,"column":2},"end":{"line":10,"column":54}},"type":"if","locations":[{"start":{"line":10,"column":2},"end":{"line":10,"column":54}},{"start":{},"end":{}}],"line":10}},"s":{"0":4,"1":148,"2":8,"3":148,"4":160,"5":4,"6":12,"7":0,"8":12,"9":12},"f":{"0":148,"1":160,"2":12,"3":12},"b":{"0":[8,140],"1":[0,12]},"inputSourceMap":null,"_coverageSchema":"1a1c01bbd47fc00a2c39e90264f33305004495a9","hash":"5f11642e2f0bceb3b44fe305f15a20edefe4ed50"}
,"C:\\Users\\LAMW1\\OneDrive\\Documentos\\UCC\\Ing.Sistemas\\Sexto Semestre\\Sis.Distribuidos\\Proyecto Final\\SMT\\login-pg\\validators\\login_validator.js": {"path":"C:\\Users\\LAMW1\\OneDrive\\Documentos\\UCC\\Ing.Sistemas\\Sexto Semestre\\Sis.Distribuidos\\Proyecto Final\\SMT\\login-pg\\validators\\login_validator.js","statementMap":{"0":{"start":{"line":3,"column":30},"end":{"line":6,"column":1}}},"fnMap":{},"branchMap":{},"s":{"0":4},"f":{},"b":{},"inputSourceMap":null,"_coverageSchema":"1a1c01bbd47fc00a2c39e90264f33305004495a9","hash":"18adb06bc6012d4dea0369506010a25f14d32dae"}
,"C:\\Users\\LAMW1\\OneDrive\\Documentos\\UCC\\Ing.Sistemas\\Sexto Semestre\\Sis.Distribuidos\\Proyecto Final\\SMT\\login-pg\\validators\\munipicio_validator.js": {"path":"C:\\Users\\LAMW1\\OneDrive\\Documentos\\UCC\\Ing.Sistemas\\Sexto Semestre\\Sis.Distribuidos\\Proyecto Final\\SMT\\login-pg\\validators\\munipicio_validator.js","statementMap":{"0":{"start":{"line":3,"column":39},"end":{"line":5,"column":3}}},"fnMap":{},"branchMap":{},"s":{"0":4},"f":{},"b":{},"inputSourceMap":null,"_coverageSchema":"1a1c01bbd47fc00a2c39e90264f33305004495a9","hash":"5a101c87f171ca3eb4930f47fdebcd1dc795f1f2"}
,"C:\\Users\\LAMW1\\OneDrive\\Documentos\\UCC\\Ing.Sistemas\\Sexto Semestre\\Sis.Distribuidos\\Proyecto Final\\SMT\\login-pg\\validators\\producto_validator.js": {"path":"C:\\Users\\LAMW1\\OneDrive\\Documentos\\UCC\\Ing.Sistemas\\Sexto Semestre\\Sis.Distribuidos\\Proyecto Final\\SMT\\login-pg\\validators\\producto_validator.js","statementMap":{"0":{"start":{"line":3,"column":33},"end":{"line":7,"column":1}}},"fnMap":{},"branchMap":{},"s":{"0":4},"f":{},"b":{},"inputSourceMap":null,"_coverageSchema":"1a1c01bbd47fc00a2c39e90264f33305004495a9","hash":"b50223844c3ece468af27c039356b06a1b3708d6"}
,"C:\\Users\\LAMW1\\OneDrive\\Documentos\\UCC\\Ing.Sistemas\\Sexto Semestre\\Sis.Distribuidos\\Proyecto Final\\SMT\\login-pg\\validators\\registro_validator.js": {"path":"C:\\Users\\LAMW1\\OneDrive\\Documentos\\UCC\\Ing.Sistemas\\Sexto Semestre\\Sis.Distribuidos\\Proyecto Final\\SMT\\login-pg\\validators\\registro_validator.js","statementMap":{"0":{"start":{"line":5,"column":33},"end":{"line":12,"column":1}}},"fnMap":{},"branchMap":{},"s":{"0":4},"f":{},"b":{},"inputSourceMap":null,"_coverageSchema":"1a1c01bbd47fc00a2c39e90264f33305004495a9","hash":"bd0923fc2d4fbea850edf8a18f4a98a39d16ac8f"}
,"C:\\Users\\LAMW1\\OneDrive\\Documentos\\UCC\\Ing.Sistemas\\Sexto Semestre\\Sis.Distribuidos\\Proyecto Final\\SMT\\login-pg\\validators\\ticket_validator.js": {"path":"C:\\Users\\LAMW1\\OneDrive\\Documentos\\UCC\\Ing.Sistemas\\Sexto Semestre\\Sis.Distribuidos\\Proyecto Final\\SMT\\login-pg\\validators\\ticket_validator.js","statementMap":{"0":{"start":{"line":3,"column":36},"end":{"line":6,"column":1}},"1":{"start":{"line":8,"column":36},"end":{"line":10,"column":1}},"2":{"start":{"line":12,"column":38},"end":{"line":15,"column":1}},"3":{"start":{"line":17,"column":33},"end":{"line":21,"column":1}},"4":{"start":{"line":23,"column":43},"end":{"line":26,"column":1}}},"fnMap":{},"branchMap":{},"s":{"0":4,"1":4,"2":4,"3":4,"4":4},"f":{},"b":{},"inputSourceMap":null,"_coverageSchema":"1a1c01bbd47fc00a2c39e90264f33305004495a9","hash":"778da34a53e137082c8868f896db0b9bca89a578"}
,"C:\\Users\\LAMW1\\OneDrive\\Documentos\\UCC\\Ing.Sistemas\\Sexto Semestre\\Sis.Distribuidos\\Proyecto Final\\SMT\\login-pg\\validators\\tienda_validator.js": {"path":"C:\\Users\\LAMW1\\OneDrive\\Documentos\\UCC\\Ing.Sistemas\\Sexto Semestre\\Sis.Distribuidos\\Proyecto Final\\SMT\\login-pg\\validators\\tienda_validator.js","statementMap":{"0":{"start":{"line":3,"column":40},"end":{"line":5,"column":1}}},"fnMap":{},"branchMap":{},"s":{"0":4},"f":{},"b":{},"inputSourceMap":null,"_coverageSchema":"1a1c01bbd47fc00a2c39e90264f33305004495a9","hash":"45fce17f2a7f197820a5b54a819334056aa4c46b"}
,"C:\\Users\\LAMW1\\OneDrive\\Documentos\\UCC\\Ing.Sistemas\\Sexto Semestre\\Sis.Distribuidos\\Proyecto Final\\SMT\\login-pg\\validators\\custom\\index.js": {"path":"C:\\Users\\LAMW1\\OneDrive\\Documentos\\UCC\\Ing.Sistemas\\Sexto Semestre\\Sis.Distribuidos\\Proyecto Final\\SMT\\login-pg\\validators\\custom\\index.js","statementMap":{"0":{"start":{"line":3,"column":31},"end":{"line":21,"column":1}},"1":{"start":{"line":4,"column":2},"end":{"line":5,"column":17}},"2":{"start":{"line":5,"column":4},"end":{"line":5,"column":17}},"3":{"start":{"line":7,"column":14},"end":{"line":7,"column":40}},"4":{"start":{"line":8,"column":12},"end":{"line":8,"column":34}},"5":{"start":{"line":9,"column":14},"end":{"line":9,"column":36}},"6":{"start":{"line":10,"column":13},"end":{"line":10,"column":35}},"7":{"start":{"line":12,"column":2},"end":{"line":13,"column":17}},"8":{"start":{"line":13,"column":4},"end":{"line":13,"column":17}},"9":{"start":{"line":15,"column":20},"end":{"line":15,"column":70}},"10":{"start":{"line":17,"column":2},"end":{"line":18,"column":24}},"11":{"start":{"line":18,"column":4},"end":{"line":18,"column":24}},"12":{"start":{"line":20,"column":2},"end":{"line":20,"column":50}},"13":{"start":{"line":23,"column":28},"end":{"line":26,"column":1}},"14":{"start":{"line":25,"column":2},"end":{"line":25,"column":42}}},"fnMap":{"0":{"name":"(anonymous_0)","decl":{"start":{"line":3,"column":31},"end":{"line":3,"column":32}},"loc":{"start":{"line":3,"column":47},"end":{"line":21,"column":1}},"line":3},"1":{"name":"(anonymous_1)","decl":{"start":{"line":23,"column":28},"end":{"line":23,"column":29}},"loc":{"start":{"line":23,"column":37},"end":{"line":26,"column":1}},"line":23}},"branchMap":{"0":{"loc":{"start":{"line":4,"column":2},"end":{"line":5,"column":17}},"type":"if","locations":[{"start":{"line":4,"column":2},"end":{"line":5,"column":17}},{"start":{},"end":{}}],"line":4},"1":{"loc":{"start":{"line":12,"column":2},"end":{"line":13,"column":17}},"type":"if","locations":[{"start":{"line":12,"column":2},"end":{"line":13,"column":17}},{"start":{},"end":{}}],"line":12},"2":{"loc":{"start":{"line":12,"column":5},"end":{"line":12,"column":60}},"type":"binary-expr","locations":[{"start":{"line":12,"column":5},"end":{"line":12,"column":16}},{"start":{"line":12,"column":20},"end":{"line":12,"column":31}},{"start":{"line":12,"column":35},"end":{"line":12,"column":46}},{"start":{"line":12,"column":50},"end":{"line":12,"column":60}}],"line":12},"3":{"loc":{"start":{"line":17,"column":2},"end":{"line":18,"column":24}},"type":"if","locations":[{"start":{"line":17,"column":2},"end":{"line":18,"column":24}},{"start":{},"end":{}}],"line":17},"4":{"loc":{"start":{"line":17,"column":5},"end":{"line":17,"column":61}},"type":"binary-expr","locations":[{"start":{"line":17,"column":5},"end":{"line":17,"column":21}},{"start":{"line":17,"column":26},"end":{"line":17,"column":42}},{"start":{"line":17,"column":46},"end":{"line":17,"column":60}}],"line":17},"5":{"loc":{"start":{"line":20,"column":9},"end":{"line":20,"column":49}},"type":"binary-expr","locations":[{"start":{"line":20,"column":9},"end":{"line":20,"column":16}},{"start":{"line":20,"column":20},"end":{"line":20,"column":49}}],"line":20}},"s":{"0":4,"1":15,"2":1,"3":14,"4":14,"5":14,"6":14,"7":14,"8":0,"9":14,"10":14,"11":0,"12":14,"13":4,"14":0},"f":{"0":15,"1":0},"b":{"0":[1,14],"1":[0,14],"2":[14,14,14,14],"3":[0,14],"4":[14,14,14],"5":[14,14]},"inputSourceMap":null,"_coverageSchema":"1a1c01bbd47fc00a2c39e90264f33305004495a9","hash":"08310775c276987b4188e9a51447de3c7b1c58cd"}
}
