TN:
SF:app.js
FNF:0
FNH:0
DA:20,4
DA:26,4
DA:27,4
DA:31,4
DA:32,4
DA:33,4
DA:34,4
DA:35,4
DA:36,4
DA:37,4
DA:41,4
LF:11
LH:11
BRF:0
BRH:0
end_of_record
TN:
SF:devdefault.js
FN:4,(anonymous_0)
FNF:1
FNH:1
FNDA:2,(anonymous_0)
DA:5,2
DA:6,2
DA:8,0
DA:10,0
DA:15,0
DA:16,0
DA:17,0
DA:18,0
DA:19,0
DA:21,0
DA:23,0
LF:11
LH:2
BRDA:6,0,0,0
BRDA:6,0,1,2
BRDA:8,1,0,0
BRDA:8,1,1,0
BRDA:8,2,0,0
BRDA:8,2,1,0
BRF:6
BRH:1
end_of_record
TN:
SF:environment.js
FNF:0
FNH:0
DA:3,4
DA:5,4
LF:2
LH:2
BRDA:15,0,0,0
BRDA:15,0,1,4
BRDA:16,1,0,0
BRDA:16,1,1,4
BRDA:17,2,0,0
BRDA:17,2,1,4
BRDA:18,3,0,0
BRDA:18,3,1,4
BRDA:19,4,0,0
BRDA:19,4,1,4
BRF:10
BRH:5
end_of_record
TN:
SF:middlewares.js
FN:8,(anonymous_0)
FN:13,(anonymous_1)
FN:22,(anonymous_2)
FN:30,(anonymous_3)
FN:36,(anonymous_4)
FN:44,(anonymous_5)
FN:52,(anonymous_6)
FN:69,(anonymous_7)
FN:81,(anonymous_8)
FN:82,(anonymous_9)
FN:89,(anonymous_10)
FN:90,(anonymous_11)
FN:91,(anonymous_12)
FN:91,(anonymous_13)
FN:106,(anonymous_14)
FN:106,(anonymous_15)
FNF:16
FNH:12
FNDA:14,(anonymous_0)
FNDA:3,(anonymous_1)
FNDA:14,(anonymous_2)
FNDA:13,(anonymous_3)
FNDA:43,(anonymous_4)
FNDA:2,(anonymous_5)
FNDA:7,(anonymous_6)
FNDA:13,(anonymous_7)
FNDA:116,(anonymous_8)
FNDA:12,(anonymous_9)
FNDA:36,(anonymous_10)
FNDA:0,(anonymous_11)
FNDA:0,(anonymous_12)
FNDA:0,(anonymous_13)
FNDA:24,(anonymous_14)
FNDA:0,(anonymous_15)
DA:8,4
DA:9,14
DA:10,14
DA:13,4
DA:15,3
DA:17,3
DA:18,3
DA:19,3
DA:22,4
DA:23,14
DA:24,14
DA:25,14
DA:27,14
DA:30,4
DA:31,13
DA:32,13
DA:33,13
DA:36,4
DA:37,43
DA:38,43
DA:39,1
DA:40,1
DA:42,42
DA:44,4
DA:45,2
DA:46,2
DA:47,0
DA:49,2
DA:52,4
DA:53,7
DA:54,7
DA:55,7
DA:56,0
DA:57,7
DA:58,6
DA:59,1
DA:60,0
DA:63,1
DA:65,1
DA:69,4
DA:70,13
DA:71,13
DA:73,13
DA:74,13
DA:75,12
DA:76,12
DA:81,4
DA:82,116
DA:83,12
DA:84,12
DA:86,6
DA:89,4
DA:90,36
DA:91,0
DA:92,0
DA:93,0
DA:106,24
DA:107,0
DA:108,0
DA:109,0
DA:110,0
DA:111,0
DA:112,0
LF:63
LH:51
BRDA:15,0,0,0
BRDA:15,0,1,3
BRDA:38,1,0,1
BRDA:38,1,1,42
BRDA:46,2,0,0
BRDA:46,2,1,2
BRDA:54,3,0,0
BRDA:54,3,1,7
BRDA:55,4,0,0
BRDA:55,4,1,7
BRDA:57,5,0,6
BRDA:57,5,1,1
BRDA:57,6,0,7
BRDA:57,6,1,1
BRDA:59,7,0,0
BRDA:59,7,1,1
BRDA:74,8,0,1
BRDA:74,8,1,12
BRDA:74,9,0,13
BRDA:74,9,1,12
BRDA:84,10,0,6
BRDA:84,10,1,6
BRDA:89,11,0,16
BRDA:92,12,0,0
BRDA:92,12,1,0
BRDA:108,13,0,0
BRDA:108,13,1,0
BRDA:109,14,0,0
BRDA:109,14,1,0
BRF:29
BRH:18
end_of_record
TN:
SF:utils.js
FN:1,(anonymous_0)
FNF:1
FNH:1
FNDA:1,(anonymous_0)
DA:1,4
DA:2,1
DA:3,1
DA:4,4
DA:5,4
DA:6,4
DA:7,12
DA:8,12
DA:10,12
DA:12,4
DA:13,4
DA:16,1
LF:12
LH:12
BRDA:1,0,0,1
BRDA:10,1,0,8
BRDA:10,1,1,4
BRDA:13,2,0,3
BRDA:13,2,1,1
BRDA:16,3,0,1
BRDA:16,3,1,0
BRF:7
BRH:6
end_of_record
TN:
SF:controllers\carrito_compras.js
FN:4,(anonymous_0)
FN:13,(anonymous_1)
FN:19,(anonymous_2)
FN:25,(anonymous_3)
FN:32,(anonymous_4)
FNF:5
FNH:0
FNDA:0,(anonymous_0)
FNDA:0,(anonymous_1)
FNDA:0,(anonymous_2)
FNDA:0,(anonymous_3)
FNDA:0,(anonymous_4)
DA:3,4
DA:5,0
DA:6,0
DA:7,0
DA:8,0
DA:9,0
DA:11,0
DA:14,0
DA:15,0
DA:17,0
DA:20,0
DA:21,0
DA:23,0
DA:26,0
DA:27,0
DA:28,0
DA:30,0
DA:33,0
DA:34,0
DA:35,0
LF:20
LH:1
BRDA:8,0,0,0
BRDA:8,0,1,0
BRDA:8,1,0,0
BRDA:8,1,1,0
BRF:4
BRH:0
end_of_record
TN:
SF:controllers\categoria_componente.js
FN:4,(anonymous_0)
FN:9,(anonymous_1)
FN:15,(anonymous_2)
FN:20,(anonymous_3)
FN:20,(anonymous_4)
FN:26,(anonymous_5)
FN:31,(anonymous_6)
FN:31,(anonymous_7)
FNF:8
FNH:7
FNDA:0,(anonymous_0)
FNDA:1,(anonymous_1)
FNDA:1,(anonymous_2)
FNDA:4,(anonymous_3)
FNDA:10,(anonymous_4)
FNDA:1,(anonymous_5)
FNDA:2,(anonymous_6)
FNDA:3,(anonymous_7)
DA:3,4
DA:5,0
DA:7,0
DA:10,1
DA:12,1
DA:13,1
DA:16,1
DA:17,1
DA:19,1
DA:20,10
DA:22,1
DA:24,1
DA:27,1
DA:28,1
DA:30,1
DA:31,3
DA:33,1
DA:34,1
LF:18
LH:16
BRDA:20,0,0,4
BRDA:20,0,1,0
BRDA:22,1,0,0
BRDA:22,1,1,1
BRDA:31,2,0,2
BRDA:31,2,1,0
BRDA:33,3,0,0
BRDA:33,3,1,1
BRF:8
BRH:4
end_of_record
TN:
SF:controllers\codigo_verificacion.js
FN:6,(anonymous_0)
FN:18,(anonymous_1)
FNF:2
FNH:1
FNDA:13,(anonymous_0)
FNDA:0,(anonymous_1)
DA:5,4
DA:7,13
DA:8,13
DA:9,13
DA:12,13
DA:13,13
DA:15,0
DA:16,12
DA:19,0
DA:20,0
DA:21,0
DA:22,0
DA:23,0
DA:28,0
DA:29,0
DA:31,0
LF:16
LH:7
BRDA:12,0,0,13
BRDA:12,0,1,0
BRDA:23,1,0,0
BRDA:23,1,1,0
BRDA:23,2,0,0
BRDA:23,2,1,0
BRDA:23,2,2,0
BRF:7
BRH:1
end_of_record
TN:
SF:controllers\colombia_api.js
FN:4,(anonymous_0)
FN:9,(anonymous_1)
FN:14,(anonymous_2)
FNF:3
FNH:2
FNDA:1,(anonymous_0)
FNDA:2,(anonymous_1)
FNDA:0,(anonymous_2)
DA:3,4
DA:5,1
DA:6,1
DA:10,2
DA:11,2
DA:12,2
DA:15,0
DA:16,0
DA:17,0
LF:9
LH:6
BRF:0
BRH:0
end_of_record
TN:
SF:controllers\componente.js
FN:4,(anonymous_0)
FN:9,(anonymous_1)
FN:16,(anonymous_2)
FN:24,(anonymous_3)
FN:29,(anonymous_4)
FN:39,(anonymous_5)
FNF:6
FNH:5
FNDA:12,(anonymous_0)
FNDA:0,(anonymous_1)
FNDA:1,(anonymous_2)
FNDA:1,(anonymous_3)
FNDA:1,(anonymous_4)
FNDA:1,(anonymous_5)
DA:3,4
DA:5,12
DA:7,12
DA:10,0
DA:11,0
DA:13,0
DA:14,0
DA:17,1
DA:18,1
DA:19,1
DA:21,1
DA:22,1
DA:25,1
DA:26,1
DA:27,1
DA:30,1
DA:31,1
DA:32,1
DA:34,1
DA:35,2
DA:36,1
DA:37,1
DA:40,1
DA:41,1
DA:42,1
DA:43,1
LF:26
LH:22
BRDA:13,0,0,0
BRDA:13,0,1,0
BRDA:21,1,0,0
BRDA:21,1,1,1
BRDA:32,2,0,0
BRDA:32,2,1,1
BRDA:42,3,0,0
BRDA:42,3,1,1
BRF:8
BRH:3
end_of_record
TN:
SF:controllers\conversacion.js
FN:4,(anonymous_0)
FN:10,(anonymous_1)
FN:17,(anonymous_2)
FN:21,(anonymous_3)
FNF:4
FNH:0
FNDA:0,(anonymous_0)
FNDA:0,(anonymous_1)
FNDA:0,(anonymous_2)
FNDA:0,(anonymous_3)
DA:3,4
DA:5,0
DA:6,0
DA:8,0
DA:11,0
DA:12,0
DA:13,0
DA:14,0
DA:15,0
DA:18,0
DA:19,0
DA:20,0
DA:21,0
DA:22,0
LF:14
LH:1
BRDA:14,0,0,0
BRDA:14,0,1,0
BRDA:20,1,0,0
BRDA:20,1,1,0
BRF:4
BRH:0
end_of_record
TN:
SF:controllers\domicilio.js
FN:5,(anonymous_0)
FN:10,(anonymous_1)
FN:15,(anonymous_2)
FN:22,(anonymous_3)
FN:30,(anonymous_4)
FNF:5
FNH:0
FNDA:0,(anonymous_0)
FNDA:0,(anonymous_1)
FNDA:0,(anonymous_2)
FNDA:0,(anonymous_3)
FNDA:0,(anonymous_4)
DA:3,4
DA:6,0
DA:7,0
DA:8,0
DA:11,0
DA:12,0
DA:13,0
DA:16,0
DA:17,0
DA:18,0
DA:19,0
DA:20,0
DA:23,0
DA:24,0
DA:25,0
DA:26,0
DA:27,0
DA:31,0
DA:32,0
DA:33,0
DA:34,0
DA:35,0
DA:36,0
LF:23
LH:1
BRDA:19,0,0,0
BRDA:19,0,1,0
BRDA:26,1,0,0
BRDA:26,1,1,0
BRDA:35,2,0,0
BRDA:35,2,1,0
BRF:6
BRH:0
end_of_record
TN:
SF:controllers\inventario.js
FN:5,(anonymous_0)
FN:10,(anonymous_1)
FN:17,(anonymous_2)
FN:26,(anonymous_3)
FN:33,(anonymous_4)
FN:40,(anonymous_5)
FNF:6
FNH:5
FNDA:10,(anonymous_0)
FNDA:3,(anonymous_1)
FNDA:0,(anonymous_2)
FNDA:1,(anonymous_3)
FNDA:1,(anonymous_4)
FNDA:1,(anonymous_5)
DA:4,4
DA:6,10
DA:8,10
DA:11,3
DA:12,3
DA:13,3
DA:14,3
DA:15,3
DA:18,0
DA:19,0
DA:21,0
DA:22,0
DA:23,0
DA:24,0
DA:27,1
DA:28,1
DA:29,1
DA:30,1
DA:31,1
DA:34,1
DA:35,1
DA:36,1
DA:37,1
DA:38,1
DA:41,1
DA:42,1
DA:44,1
LF:27
LH:21
BRDA:14,0,0,0
BRDA:14,0,1,3
BRDA:21,1,0,0
BRDA:21,1,1,0
BRDA:22,2,0,0
BRDA:22,2,1,0
BRDA:29,3,0,0
BRDA:29,3,1,1
BRDA:36,4,0,0
BRDA:36,4,1,1
BRF:10
BRH:3
end_of_record
TN:
SF:controllers\mailer.js
FN:7,(anonymous_0)
FNF:1
FNH:1
FNDA:13,(anonymous_0)
DA:6,4
DA:8,13
DA:13,13
LF:3
LH:3
BRDA:8,0,0,13
BRDA:8,0,1,0
BRF:2
BRH:1
end_of_record
TN:
SF:controllers\notificacion.js
FN:5,(anonymous_0)
FN:15,(anonymous_1)
FN:20,(anonymous_2)
FNF:3
FNH:0
FNDA:0,(anonymous_0)
FNDA:0,(anonymous_1)
FNDA:0,(anonymous_2)
DA:4,4
DA:6,0
DA:7,0
DA:8,0
DA:9,0
DA:10,0
DA:11,0
DA:12,0
DA:16,0
DA:17,0
DA:18,0
DA:21,0
DA:22,0
DA:23,0
DA:24,0
DA:26,0
LF:16
LH:1
BRDA:7,0,0,0
BRDA:7,0,1,0
BRDA:11,1,0,0
BRDA:11,1,1,0
BRDA:11,2,0,0
BRDA:11,2,1,0
BRF:6
BRH:0
end_of_record
TN:
SF:controllers\ticket.js
FN:10,(anonymous_0)
FN:20,(anonymous_1)
FN:31,(anonymous_2)
FN:45,(anonymous_3)
FN:59,(anonymous_4)
FN:75,(anonymous_5)
FN:89,(anonymous_6)
FN:96,(anonymous_7)
FN:104,(anonymous_8)
FN:111,(anonymous_9)
FN:117,(anonymous_10)
FN:119,(anonymous_11)
FN:126,(anonymous_12)
FN:135,(anonymous_13)
FN:146,(anonymous_14)
FN:154,(anonymous_15)
FN:164,(anonymous_16)
FN:167,(anonymous_17)
FN:172,(anonymous_18)
FN:178,(anonymous_19)
FN:191,(anonymous_20)
FN:199,(anonymous_21)
FN:208,(anonymous_22)
FN:216,(anonymous_23)
FN:224,(anonymous_24)
FN:234,(anonymous_25)
FN:247,(anonymous_26)
FN:252,(anonymous_27)
FN:258,(anonymous_28)
FN:264,(anonymous_29)
FN:268,(anonymous_30)
FN:272,(anonymous_31)
FNF:32
FNH:0
FNDA:0,(anonymous_0)
FNDA:0,(anonymous_1)
FNDA:0,(anonymous_2)
FNDA:0,(anonymous_3)
FNDA:0,(anonymous_4)
FNDA:0,(anonymous_5)
FNDA:0,(anonymous_6)
FNDA:0,(anonymous_7)
FNDA:0,(anonymous_8)
FNDA:0,(anonymous_9)
FNDA:0,(anonymous_10)
FNDA:0,(anonymous_11)
FNDA:0,(anonymous_12)
FNDA:0,(anonymous_13)
FNDA:0,(anonymous_14)
FNDA:0,(anonymous_15)
FNDA:0,(anonymous_16)
FNDA:0,(anonymous_17)
FNDA:0,(anonymous_18)
FNDA:0,(anonymous_19)
FNDA:0,(anonymous_20)
FNDA:0,(anonymous_21)
FNDA:0,(anonymous_22)
FNDA:0,(anonymous_23)
FNDA:0,(anonymous_24)
FNDA:0,(anonymous_25)
FNDA:0,(anonymous_26)
FNDA:0,(anonymous_27)
FNDA:0,(anonymous_28)
FNDA:0,(anonymous_29)
FNDA:0,(anonymous_30)
FNDA:0,(anonymous_31)
DA:10,4
DA:11,0
DA:20,4
DA:21,0
DA:31,4
DA:32,0
DA:45,4
DA:46,0
DA:59,4
DA:60,0
DA:75,4
DA:76,0
DA:89,4
DA:90,0
DA:91,0
DA:95,4
DA:97,0
DA:98,0
DA:99,0
DA:100,0
DA:101,0
DA:102,0
DA:105,0
DA:107,0
DA:108,0
DA:109,0
DA:113,0
DA:114,0
DA:115,0
DA:116,0
DA:117,0
DA:118,0
DA:119,0
DA:120,0
DA:121,0
DA:122,0
DA:126,0
DA:127,0
DA:128,0
DA:129,0
DA:133,0
DA:136,0
DA:137,0
DA:138,0
DA:139,0
DA:141,0
DA:142,0
DA:144,0
DA:147,0
DA:148,0
DA:149,0
DA:150,0
DA:151,0
DA:152,0
DA:155,0
DA:156,0
DA:157,0
DA:158,0
DA:159,0
DA:160,0
DA:161,0
DA:162,0
DA:165,0
DA:166,0
DA:167,0
DA:168,0
DA:170,0
DA:173,0
DA:174,0
DA:175,0
DA:176,0
DA:179,0
DA:180,0
DA:181,0
DA:183,0
DA:184,0
DA:186,0
DA:187,0
DA:188,0
DA:189,0
DA:192,0
DA:193,0
DA:194,0
DA:195,0
DA:196,0
DA:200,0
DA:201,0
DA:202,0
DA:203,0
DA:204,0
DA:205,0
DA:206,0
DA:209,0
DA:210,0
DA:211,0
DA:212,0
DA:213,0
DA:214,0
DA:217,0
DA:218,0
DA:219,0
DA:220,0
DA:221,0
DA:222,0
DA:225,0
DA:226,0
DA:227,0
DA:228,0
DA:229,0
DA:230,0
DA:231,0
DA:232,0
DA:235,0
DA:236,0
DA:237,0
DA:238,0
DA:239,0
DA:240,0
DA:241,0
DA:242,0
DA:243,0
DA:244,0
DA:245,0
DA:248,0
DA:249,0
DA:250,0
DA:253,0
DA:254,0
DA:255,0
DA:256,0
DA:259,0
DA:260,0
DA:261,0
DA:262,0
DA:265,0
DA:266,0
DA:269,0
DA:270,0
DA:273,0
DA:274,0
LF:140
LH:8
BRDA:36,0,0,0
BRDA:36,0,1,0
BRDA:64,1,0,0
BRDA:64,1,1,0
BRDA:80,2,0,0
BRDA:80,2,1,0
BRDA:114,3,0,0
BRDA:114,3,1,0
BRDA:116,4,0,0
BRDA:116,4,1,0
BRDA:117,5,0,0
BRDA:117,5,1,0
BRDA:118,6,0,0
BRDA:118,6,1,0
BRDA:120,7,0,0
BRDA:120,7,1,0
BRDA:127,8,0,0
BRDA:127,8,1,0
BRDA:138,9,0,0
BRDA:138,9,1,0
BRDA:139,10,0,0
BRDA:139,10,1,0
BRDA:150,11,0,0
BRDA:150,11,1,0
BRDA:151,12,0,0
BRDA:151,12,1,0
BRDA:157,13,0,0
BRDA:157,13,1,0
BRDA:168,14,0,0
BRDA:168,14,1,0
BRDA:175,15,0,0
BRDA:175,15,1,0
BRDA:183,16,0,0
BRDA:183,16,1,0
BRDA:195,17,0,0
BRDA:195,17,1,0
BRDA:203,18,0,0
BRDA:203,18,1,0
BRDA:227,19,0,0
BRDA:227,19,1,0
BRDA:238,20,0,0
BRDA:238,20,1,0
BRDA:238,21,0,0
BRDA:238,21,1,0
BRDA:238,21,2,0
BRDA:255,22,0,0
BRDA:255,22,1,0
BRDA:261,23,0,0
BRDA:261,23,1,0
BRF:49
BRH:0
end_of_record
TN:
SF:controllers\usuario.js
FN:15,(anonymous_0)
FN:22,(anonymous_1)
FN:40,(anonymous_2)
FN:45,(anonymous_3)
FN:59,(anonymous_4)
FN:65,(anonymous_5)
FN:69,(anonymous_6)
FN:80,(anonymous_7)
FN:89,(anonymous_8)
FNF:9
FNH:2
FNDA:0,(anonymous_0)
FNDA:14,(anonymous_1)
FNDA:0,(anonymous_2)
FNDA:16,(anonymous_3)
FNDA:0,(anonymous_4)
FNDA:0,(anonymous_5)
FNDA:0,(anonymous_6)
FNDA:0,(anonymous_7)
FNDA:0,(anonymous_8)
DA:6,4
DA:11,4
DA:13,4
DA:16,0
DA:17,0
DA:18,0
DA:19,0
DA:20,0
DA:24,14
DA:25,14
DA:26,2
DA:27,1
DA:29,1
DA:31,13
DA:33,13
DA:37,13
DA:41,0
DA:42,0
DA:43,0
DA:46,16
DA:47,16
DA:48,13
DA:50,3
DA:51,0
DA:53,0
DA:55,3
DA:56,3
DA:60,0
DA:61,0
DA:62,0
DA:63,0
DA:66,0
DA:67,0
DA:70,0
DA:78,0
DA:81,0
DA:82,0
DA:83,0
DA:84,0
DA:85,0
DA:86,0
DA:90,0
DA:91,0
DA:92,0
LF:44
LH:17
BRDA:18,0,0,0
BRDA:18,0,1,0
BRDA:25,1,0,2
BRDA:25,1,1,12
BRDA:26,2,0,1
BRDA:26,2,1,1
BRDA:26,3,0,2
BRDA:26,3,1,1
BRDA:47,4,0,13
BRDA:47,4,1,3
BRDA:47,5,0,16
BRDA:47,5,1,3
BRDA:50,6,0,0
BRDA:50,6,1,3
BRDA:50,7,0,3
BRDA:50,7,1,3
BRDA:82,8,0,0
BRDA:82,8,1,0
BRDA:85,9,0,0
BRDA:85,9,1,0
BRF:20
BRH:13
end_of_record
TN:
SF:database\conexion.js
FN:17,(anonymous_0)
FN:22,(anonymous_1)
FN:25,(anonymous_2)
FN:37,(anonymous_3)
FN:38,(anonymous_4)
FN:47,(anonymous_5)
FNF:6
FNH:2
FNDA:4,(anonymous_0)
FNDA:0,(anonymous_1)
FNDA:0,(anonymous_2)
FNDA:4,(anonymous_3)
FNDA:0,(anonymous_4)
FNDA:0,(anonymous_5)
DA:5,4
DA:7,4
DA:15,4
DA:16,4
DA:17,4
DA:18,4
DA:19,4
DA:22,4
DA:23,0
DA:24,0
DA:25,0
DA:26,0
DA:27,0
DA:28,0
DA:30,0
DA:37,4
DA:38,4
DA:39,0
DA:40,0
DA:42,4
DA:43,4
DA:47,4
DA:48,0
DA:50,4
DA:51,4
DA:53,0
DA:54,0
LF:27
LH:15
BRDA:22,0,0,0
BRDA:23,1,0,0
BRDA:23,1,1,0
BRF:3
BRH:0
end_of_record
TN:
SF:models\carrito_compras.js
FN:4,(anonymous_0)
FN:13,(anonymous_1)
FN:22,(anonymous_2)
FN:31,(anonymous_3)
FN:40,(anonymous_4)
FN:49,(anonymous_5)
FNF:6
FNH:0
FNDA:0,(anonymous_0)
FNDA:0,(anonymous_1)
FNDA:0,(anonymous_2)
FNDA:0,(anonymous_3)
FNDA:0,(anonymous_4)
FNDA:0,(anonymous_5)
DA:3,4
DA:5,0
DA:10,0
DA:11,0
DA:14,0
DA:19,0
DA:20,0
DA:23,0
DA:28,0
DA:29,0
DA:32,0
DA:37,0
DA:38,0
DA:41,0
DA:46,0
DA:47,0
DA:50,0
DA:55,0
DA:56,0
LF:19
LH:1
BRF:0
BRH:0
end_of_record
TN:
SF:models\categoria_componente.js
FN:5,(anonymous_0)
FN:14,(anonymous_1)
FNF:2
FNH:1
FNDA:0,(anonymous_0)
FNDA:3,(anonymous_1)
DA:4,4
DA:6,0
DA:11,0
DA:12,0
DA:15,3
DA:21,3
DA:22,3
LF:7
LH:4
BRF:0
BRH:0
end_of_record
TN:
SF:models\codigo_verificacion.js
FN:4,(anonymous_0)
FN:15,(anonymous_1)
FN:26,(anonymous_2)
FN:37,(anonymous_3)
FN:47,(anonymous_4)
FN:57,(anonymous_5)
FNF:6
FNH:2
FNDA:0,(anonymous_0)
FNDA:13,(anonymous_1)
FNDA:0,(anonymous_2)
FNDA:13,(anonymous_3)
FNDA:0,(anonymous_4)
FNDA:0,(anonymous_5)
DA:3,4
DA:5,0
DA:11,0
DA:12,0
DA:16,13
DA:22,13
DA:23,13
DA:27,0
DA:33,0
DA:34,0
DA:38,13
DA:43,13
DA:44,12
DA:48,0
DA:53,0
DA:54,0
DA:58,0
DA:63,0
DA:64,0
LF:19
LH:7
BRF:0
BRH:0
end_of_record
TN:
SF:models\componente.js
FN:5,(anonymous_0)
FN:14,(anonymous_1)
FN:24,(anonymous_2)
FN:39,(anonymous_3)
FN:55,(anonymous_4)
FN:60,(anonymous_5)
FN:64,(anonymous_6)
FN:81,(anonymous_7)
FN:95,(anonymous_8)
FNF:9
FNH:9
FNDA:12,(anonymous_0)
FNDA:1,(anonymous_1)
FNDA:2,(anonymous_2)
FNDA:1,(anonymous_3)
FNDA:1,(anonymous_4)
FNDA:4,(anonymous_5)
FNDA:1,(anonymous_6)
FNDA:2,(anonymous_7)
FNDA:1,(anonymous_8)
DA:4,4
DA:6,12
DA:11,12
DA:12,12
DA:15,1
DA:21,1
DA:22,1
DA:25,2
DA:36,2
DA:37,2
DA:40,1
DA:52,1
DA:53,1
DA:56,1
DA:60,4
DA:61,1
DA:62,1
DA:65,1
DA:78,1
DA:79,1
DA:82,2
DA:92,2
DA:93,2
DA:96,1
DA:102,1
DA:104,1
LF:26
LH:26
BRF:0
BRH:0
end_of_record
TN:
SF:models\conversacion.js
FN:4,(anonymous_0)
FN:20,(anonymous_1)
FN:30,(anonymous_2)
FN:40,(anonymous_3)
FN:52,(anonymous_4)
FN:64,(anonymous_5)
FN:76,(anonymous_6)
FNF:7
FNH:0
FNDA:0,(anonymous_0)
FNDA:0,(anonymous_1)
FNDA:0,(anonymous_2)
FNDA:0,(anonymous_3)
FNDA:0,(anonymous_4)
FNDA:0,(anonymous_5)
FNDA:0,(anonymous_6)
DA:3,4
DA:5,0
DA:17,0
DA:18,0
DA:21,0
DA:26,0
DA:28,0
DA:31,0
DA:36,0
DA:38,0
DA:41,0
DA:48,0
DA:50,0
DA:53,0
DA:60,0
DA:62,0
DA:65,0
DA:72,0
DA:74,0
DA:77,0
DA:84,0
DA:86,0
LF:22
LH:1
BRF:0
BRH:0
end_of_record
TN:
SF:models\domicilio.js
FN:5,(anonymous_0)
FN:22,(anonymous_1)
FN:32,(anonymous_2)
FN:49,(anonymous_3)
FN:59,(anonymous_4)
FNF:5
FNH:0
FNDA:0,(anonymous_0)
FNDA:0,(anonymous_1)
FNDA:0,(anonymous_2)
FNDA:0,(anonymous_3)
FNDA:0,(anonymous_4)
DA:3,4
DA:6,0
DA:18,0
DA:19,0
DA:23,0
DA:28,0
DA:29,0
DA:33,0
DA:45,0
DA:46,0
DA:50,0
DA:55,0
DA:56,0
DA:60,0
DA:65,0
DA:66,0
LF:16
LH:1
BRF:0
BRH:0
end_of_record
TN:
SF:models\inventario.js
FN:4,(anonymous_0)
FN:13,(anonymous_1)
FN:27,(anonymous_2)
FN:42,(anonymous_3)
FN:57,(anonymous_4)
FNF:5
FNH:5
FNDA:10,(anonymous_0)
FNDA:5,(anonymous_1)
FNDA:1,(anonymous_2)
FNDA:1,(anonymous_3)
FNDA:1,(anonymous_4)
DA:3,4
DA:5,10
DA:10,10
DA:11,10
DA:14,5
DA:24,5
DA:25,5
DA:28,1
DA:39,1
DA:40,1
DA:43,1
DA:54,1
DA:55,1
DA:58,1
DA:64,1
DA:65,1
LF:16
LH:16
BRF:0
BRH:0
end_of_record
TN:
SF:models\notificacion.js
FN:9,(anonymous_0)
FN:27,(anonymous_1)
FN:45,(anonymous_2)
FN:54,(anonymous_3)
FN:63,(anonymous_4)
FN:72,(anonymous_5)
FNF:6
FNH:0
FNDA:0,(anonymous_0)
FNDA:0,(anonymous_1)
FNDA:0,(anonymous_2)
FNDA:0,(anonymous_3)
FNDA:0,(anonymous_4)
FNDA:0,(anonymous_5)
DA:3,4
DA:8,4
DA:10,0
DA:24,0
DA:25,0
DA:28,0
DA:42,0
DA:43,0
DA:46,0
DA:51,0
DA:52,0
DA:55,0
DA:60,0
DA:61,0
DA:64,0
DA:69,0
DA:70,0
DA:73,0
DA:78,0
DA:79,0
LF:20
LH:2
BRF:0
BRH:0
end_of_record
TN:
SF:models\ticket.js
FN:4,(anonymous_0)
FN:15,(anonymous_1)
FN:29,(anonymous_2)
FN:41,(anonymous_3)
FN:53,(anonymous_4)
FN:65,(anonymous_5)
FN:75,(anonymous_6)
FN:89,(anonymous_7)
FN:99,(anonymous_8)
FN:109,(anonymous_9)
FN:119,(anonymous_10)
FN:129,(anonymous_11)
FN:140,(anonymous_12)
FN:154,(anonymous_13)
FN:169,(anonymous_14)
FN:181,(anonymous_15)
FN:193,(anonymous_16)
FN:205,(anonymous_17)
FN:219,(anonymous_18)
FN:233,(anonymous_19)
FN:246,(anonymous_20)
FN:260,(anonymous_21)
FN:270,(anonymous_22)
FN:280,(anonymous_23)
FN:290,(anonymous_24)
FN:299,(anonymous_25)
FN:307,(anonymous_26)
FNF:27
FNH:0
FNDA:0,(anonymous_0)
FNDA:0,(anonymous_1)
FNDA:0,(anonymous_2)
FNDA:0,(anonymous_3)
FNDA:0,(anonymous_4)
FNDA:0,(anonymous_5)
FNDA:0,(anonymous_6)
FNDA:0,(anonymous_7)
FNDA:0,(anonymous_8)
FNDA:0,(anonymous_9)
FNDA:0,(anonymous_10)
FNDA:0,(anonymous_11)
FNDA:0,(anonymous_12)
FNDA:0,(anonymous_13)
FNDA:0,(anonymous_14)
FNDA:0,(anonymous_15)
FNDA:0,(anonymous_16)
FNDA:0,(anonymous_17)
FNDA:0,(anonymous_18)
FNDA:0,(anonymous_19)
FNDA:0,(anonymous_20)
FNDA:0,(anonymous_21)
FNDA:0,(anonymous_22)
FNDA:0,(anonymous_23)
FNDA:0,(anonymous_24)
FNDA:0,(anonymous_25)
FNDA:0,(anonymous_26)
DA:3,4
DA:5,0
DA:12,0
DA:13,0
DA:16,0
DA:26,0
DA:27,0
DA:30,0
DA:38,0
DA:39,0
DA:42,0
DA:50,0
DA:51,0
DA:54,0
DA:62,0
DA:63,0
DA:66,0
DA:72,0
DA:73,0
DA:76,0
DA:85,0
DA:86,0
DA:87,0
DA:90,0
DA:96,0
DA:97,0
DA:100,0
DA:106,0
DA:107,0
DA:110,0
DA:116,0
DA:117,0
DA:120,0
DA:126,0
DA:127,0
DA:130,0
DA:131,0
DA:137,0
DA:138,0
DA:141,0
DA:142,0
DA:150,0
DA:151,0
DA:152,0
DA:155,0
DA:166,0
DA:167,0
DA:170,0
DA:177,0
DA:178,0
DA:179,0
DA:182,0
DA:189,0
DA:190,0
DA:191,0
DA:194,0
DA:201,0
DA:202,0
DA:203,0
DA:206,0
DA:216,0
DA:217,0
DA:220,0
DA:230,0
DA:231,0
DA:234,0
DA:243,0
DA:244,0
DA:247,0
DA:257,0
DA:258,0
DA:261,0
DA:267,0
DA:268,0
DA:271,0
DA:277,0
DA:278,0
DA:281,0
DA:287,0
DA:288,0
DA:291,0
DA:296,0
DA:297,0
DA:300,0
DA:304,0
DA:305,0
DA:308,0
DA:312,0
DA:313,0
LF:89
LH:1
BRF:0
BRH:0
end_of_record
TN:
SF:models\usuario.js
FN:5,(anonymous_0)
FN:15,(anonymous_1)
FN:25,(anonymous_2)
FN:36,(anonymous_3)
FN:47,(anonymous_4)
FN:58,(anonymous_5)
FN:75,(anonymous_6)
FN:88,(anonymous_7)
FN:98,(anonymous_8)
FNF:9
FNH:4
FNDA:1,(anonymous_0)
FNDA:0,(anonymous_1)
FNDA:30,(anonymous_2)
FNDA:13,(anonymous_3)
FNDA:0,(anonymous_4)
FNDA:13,(anonymous_5)
FNDA:0,(anonymous_6)
FNDA:0,(anonymous_7)
FNDA:0,(anonymous_8)
DA:3,4
DA:6,1
DA:12,1
DA:13,1
DA:16,0
DA:22,0
DA:23,0
DA:26,30
DA:32,30
DA:33,30
DA:37,13
DA:43,13
DA:44,13
DA:48,0
DA:54,0
DA:55,0
DA:59,13
DA:72,13
DA:73,13
DA:76,0
DA:85,0
DA:86,0
DA:89,0
DA:95,0
DA:96,0
DA:99,0
DA:105,0
DA:106,0
LF:28
LH:13
BRF:0
BRH:0
end_of_record
TN:
SF:routes\auth.js
FN:75,(anonymous_0)
FNF:1
FNH:0
FNDA:0,(anonymous_0)
DA:11,4
DA:15,4
DA:26,4
DA:41,4
DA:51,4
DA:59,4
DA:68,4
DA:74,4
DA:75,4
DA:77,4
LF:10
LH:10
BRF:0
BRH:0
end_of_record
TN:
SF:routes\chat.js
FNF:0
FNH:0
DA:6,4
DA:8,4
DA:15,4
DA:20,4
LF:4
LH:4
BRF:0
BRH:0
end_of_record
TN:
SF:routes\componentes.js
FNF:0
FNH:0
DA:12,4
DA:15,4
DA:17,4
DA:22,4
DA:30,4
DA:38,4
DA:46,4
DA:47,4
DA:54,4
DA:65,4
DA:77,4
DA:85,4
DA:86,4
DA:88,4
LF:14
LH:14
BRF:0
BRH:0
end_of_record
TN:
SF:routes\domicilio.js
FNF:0
FNH:0
DA:10,4
DA:12,4
DA:14,4
DA:20,4
DA:26,4
LF:5
LH:5
BRF:0
BRH:0
end_of_record
TN:
SF:routes\notificaciones.js
FNF:0
FNH:0
DA:6,4
DA:8,4
DA:9,4
LF:3
LH:3
BRF:0
BRH:0
end_of_record
TN:
SF:routes\ticket.js
FNF:0
FNH:0
DA:9,4
DA:10,4
DA:19,4
DA:25,4
DA:29,4
DA:34,4
DA:44,4
DA:48,4
DA:56,4
DA:64,4
DA:72,4
DA:78,4
DA:85,4
DA:93,4
DA:103,4
DA:112,4
DA:121,4
DA:128,4
DA:137,4
DA:146,4
DA:155,4
DA:164,4
DA:176,4
LF:23
LH:23
BRF:0
BRH:0
end_of_record
TN:
SF:routes\tienda.js
FN:16,(anonymous_0)
FNF:1
FNH:0
FNDA:0,(anonymous_0)
DA:9,4
DA:11,4
DA:17,0
DA:21,4
DA:26,4
DA:31,4
DA:39,4
DA:49,4
LF:8
LH:7
BRF:0
BRH:0
end_of_record
TN:
SF:services\encryption.js
FN:5,(anonymous_0)
FN:15,(anonymous_1)
FNF:2
FNH:2
FNDA:27,(anonymous_0)
FNDA:3,(anonymous_1)
DA:4,4
DA:6,27
DA:7,27
DA:16,3
LF:4
LH:4
BRF:0
BRH:0
end_of_record
TN:
SF:services\mailer.js
FN:4,(anonymous_0)
FN:15,(anonymous_1)
FN:17,(anonymous_2)
FN:18,(anonymous_3)
FNF:4
FNH:0
FNDA:0,(anonymous_0)
FNDA:0,(anonymous_1)
FNDA:0,(anonymous_2)
FNDA:0,(anonymous_3)
DA:4,4
DA:14,4
DA:16,0
DA:17,0
DA:18,0
LF:5
LH:2
BRF:0
BRH:0
end_of_record
TN:
SF:services\notificaciones.js
FN:5,(anonymous_0)
FN:34,(anonymous_1)
FN:39,(anonymous_2)
FN:43,(anonymous_3)
FN:47,(anonymous_4)
FN:51,(anonymous_5)
FNF:6
FNH:0
FNDA:0,(anonymous_0)
FNDA:0,(anonymous_1)
FNDA:0,(anonymous_2)
FNDA:0,(anonymous_3)
FNDA:0,(anonymous_4)
FNDA:0,(anonymous_5)
DA:5,4
DA:6,0
DA:7,0
DA:8,0
DA:10,0
DA:18,0
DA:19,0
DA:20,0
DA:22,0
DA:23,0
DA:24,0
DA:25,0
DA:26,0
DA:27,0
DA:30,0
DA:33,4
DA:35,0
DA:36,0
DA:37,0
DA:40,0
DA:44,0
DA:48,0
DA:52,0
DA:56,0
DA:57,0
DA:58,0
DA:59,0
DA:60,0
LF:28
LH:2
BRDA:8,0,0,0
BRDA:8,0,1,0
BRDA:18,1,0,0
BRDA:18,1,1,0
BRDA:19,2,0,0
BRDA:19,2,1,0
BRDA:22,3,0,0
BRDA:22,3,1,0
BRDA:24,4,0,0
BRDA:24,4,1,0
BRDA:35,5,0,0
BRDA:35,5,1,0
BRDA:36,6,0,0
BRDA:36,6,1,0
BRDA:57,7,0,0
BRDA:57,7,1,0
BRF:16
BRH:0
end_of_record
TN:
SF:services\random.js
FN:1,(anonymous_0)
FNF:1
FNH:1
FNDA:13,(anonymous_0)
DA:1,4
DA:2,13
LF:2
LH:2
BRDA:1,0,0,13
BRF:1
BRH:1
end_of_record
TN:
SF:services\time.js
FN:19,(anonymous_0)
FNF:1
FNH:1
FNDA:3,(anonymous_0)
DA:19,4
DA:20,3
DA:21,3
LF:3
LH:3
BRDA:19,0,0,0
BRDA:19,1,0,0
BRF:2
BRH:0
end_of_record
TN:
SF:services\tokens.js
FN:7,(anonymous_0)
FN:14,(anonymous_1)
FN:22,(anonymous_2)
FNF:3
FNH:2
FNDA:3,(anonymous_0)
FNDA:13,(anonymous_1)
FNDA:0,(anonymous_2)
DA:5,4
DA:8,3
DA:15,13
DA:16,13
DA:18,1
DA:23,0
LF:6
LH:5
BRF:0
BRH:0
end_of_record
TN:
SF:services\API\Colombia.js
FN:6,(anonymous_0)
FN:11,(anonymous_1)
FN:17,(anonymous_2)
FNF:3
FNH:2
FNDA:1,(anonymous_0)
FNDA:2,(anonymous_1)
FNDA:0,(anonymous_2)
DA:3,4
DA:5,4
DA:7,1
DA:8,1
DA:12,2
DA:13,2
DA:18,0
DA:19,0
LF:8
LH:6
BRF:0
BRH:0
end_of_record
TN:
SF:socket\commons.js
FNF:0
FNH:0
DA:1,4
DA:3,4
LF:2
LH:2
BRF:0
BRH:0
end_of_record
TN:
SF:socket\socket.js
FN:22,(anonymous_0)
FN:30,(anonymous_1)
FN:34,(anonymous_2)
FNF:3
FNH:0
FNDA:0,(anonymous_0)
FNDA:0,(anonymous_1)
FNDA:0,(anonymous_2)
DA:14,4
DA:15,4
DA:16,4
DA:20,4
DA:22,4
DA:23,0
DA:24,0
DA:25,0
DA:26,0
DA:27,0
DA:28,0
DA:30,0
DA:31,0
DA:34,0
DA:35,0
DA:38,4
LF:16
LH:6
BRF:0
BRH:0
end_of_record
TN:
SF:socket\utilidades.js
FN:4,(anonymous_0)
FN:4,(anonymous_1)
FN:15,(anonymous_2)
FN:17,(anonymous_3)
FN:23,(anonymous_4)
FN:25,(anonymous_5)
FN:28,(anonymous_6)
FN:34,(anonymous_7)
FN:37,(anonymous_8)
FN:42,(anonymous_9)
FN:50,(anonymous_10)
FN:67,(anonymous_11)
FN:71,(anonymous_12)
FN:75,(anonymous_13)
FNF:14
FNH:2
FNDA:4,(anonymous_0)
FNDA:1,(anonymous_1)
FNDA:0,(anonymous_2)
FNDA:0,(anonymous_3)
FNDA:0,(anonymous_4)
FNDA:0,(anonymous_5)
FNDA:0,(anonymous_6)
FNDA:0,(anonymous_7)
FNDA:0,(anonymous_8)
FNDA:0,(anonymous_9)
FNDA:0,(anonymous_10)
FNDA:0,(anonymous_11)
FNDA:0,(anonymous_12)
FNDA:0,(anonymous_13)
DA:4,4
DA:5,1
DA:6,1
DA:7,1
DA:8,0
DA:9,1
DA:11,0
DA:15,4
DA:16,0
DA:17,0
DA:18,0
DA:19,0
DA:23,4
DA:24,0
DA:25,0
DA:28,4
DA:29,0
DA:30,0
DA:31,0
DA:34,4
DA:37,4
DA:38,0
DA:39,0
DA:42,4
DA:43,0
DA:44,0
DA:45,0
DA:46,0
DA:50,4
DA:51,0
DA:52,0
DA:53,0
DA:54,0
DA:55,0
DA:56,0
DA:67,4
DA:68,0
DA:71,4
DA:72,0
DA:75,4
DA:76,0
DA:77,0
LF:42
LH:15
BRDA:7,0,0,0
BRDA:7,0,1,1
BRDA:16,1,0,0
BRDA:16,1,1,0
BRDA:24,2,0,0
BRDA:24,2,1,0
BRDA:29,3,0,0
BRDA:29,3,1,0
BRDA:38,4,0,0
BRDA:38,4,1,0
BRDA:44,5,0,0
BRDA:44,5,1,0
BRDA:53,6,0,0
BRDA:53,6,1,0
BRDA:53,7,0,0
BRDA:53,7,1,0
BRF:16
BRH:1
end_of_record
TN:
SF:socket\events\chat.js
FN:13,(anonymous_0)
FN:13,(anonymous_1)
FNF:2
FNH:0
FNDA:0,(anonymous_0)
FNDA:0,(anonymous_1)
DA:5,4
DA:11,4
DA:13,0
DA:14,0
DA:15,0
DA:16,0
DA:17,0
DA:18,0
DA:19,0
DA:21,0
DA:22,0
DA:23,0
DA:24,0
DA:25,0
DA:26,0
DA:27,0
DA:29,0
DA:30,0
DA:40,0
DA:41,0
DA:43,0
LF:21
LH:2
BRDA:16,0,0,0
BRDA:16,0,1,0
BRDA:19,1,0,0
BRDA:19,1,1,0
BRDA:19,2,0,0
BRDA:19,2,1,0
BRDA:19,2,2,0
BRDA:22,3,0,0
BRDA:22,3,1,0
BRDA:25,4,0,0
BRDA:25,4,1,0
BRF:11
BRH:0
end_of_record
TN:
SF:templates\email_templates.js
FN:3,(anonymous_0)
FNF:1
FNH:0
FNDA:0,(anonymous_0)
DA:1,4
DA:4,0
LF:2
LH:1
BRF:0
BRH:0
end_of_record
TN:
SF:tests\test_helper.js
FN:3,(anonymous_0)
FNF:1
FNH:1
FNDA:7,(anonymous_0)
DA:3,4
DA:5,7
LF:2
LH:2
BRF:0
BRH:0
end_of_record
TN:
SF:validators\codigo_validator.js
FNF:0
FNH:0
DA:3,4
LF:1
LH:1
BRF:0
BRH:0
end_of_record
TN:
SF:validators\componente_validator.js
FNF:0
FNH:0
DA:3,4
LF:1
LH:1
BRF:0
BRH:0
end_of_record
TN:
SF:validators\direccion_validator.js
FNF:0
FNH:0
DA:3,4
LF:1
LH:1
BRF:0
BRH:0
end_of_record
TN:
SF:validators\especs_validator.js
FNF:0
FNH:0
DA:3,4
LF:1
LH:1
BRF:0
BRH:0
end_of_record
TN:
SF:validators\general_validators.js
FN:3,(anonymous_0)
FN:5,(anonymous_1)
FN:9,(anonymous_2)
FN:11,(anonymous_3)
FNF:4
FNH:4
FNDA:148,(anonymous_0)
FNDA:160,(anonymous_1)
FNDA:12,(anonymous_2)
FNDA:12,(anonymous_3)
DA:3,4
DA:4,148
DA:5,160
DA:9,4
DA:10,12
DA:11,12
LF:6
LH:6
BRDA:4,0,0,8
BRDA:4,0,1,140
BRDA:10,1,0,0
BRDA:10,1,1,12
BRF:4
BRH:3
end_of_record
TN:
SF:validators\login_validator.js
FNF:0
FNH:0
DA:3,4
LF:1
LH:1
BRF:0
BRH:0
end_of_record
TN:
SF:validators\munipicio_validator.js
FNF:0
FNH:0
DA:3,4
LF:1
LH:1
BRF:0
BRH:0
end_of_record
TN:
SF:validators\producto_validator.js
FNF:0
FNH:0
DA:3,4
LF:1
LH:1
BRF:0
BRH:0
end_of_record
TN:
SF:validators\registro_validator.js
FNF:0
FNH:0
DA:5,4
LF:1
LH:1
BRF:0
BRH:0
end_of_record
TN:
SF:validators\ticket_validator.js
FNF:0
FNH:0
DA:3,4
DA:8,4
DA:12,4
DA:17,4
DA:23,4
LF:5
LH:5
BRF:0
BRH:0
end_of_record
TN:
SF:validators\tienda_validator.js
FNF:0
FNH:0
DA:3,4
LF:1
LH:1
BRF:0
BRH:0
end_of_record
TN:
SF:validators\custom\index.js
FN:3,(anonymous_0)
FN:23,(anonymous_1)
FNF:2
FNH:1
FNDA:15,(anonymous_0)
FNDA:0,(anonymous_1)
DA:3,4
DA:4,15
DA:5,1
DA:7,14
DA:8,14
DA:9,14
DA:10,14
DA:12,14
DA:13,0
DA:15,14
DA:17,14
DA:18,0
DA:20,14
DA:23,4
DA:25,0
LF:15
LH:12
BRDA:4,0,0,1
BRDA:4,0,1,14
BRDA:12,1,0,0
BRDA:12,1,1,14
BRDA:12,2,0,14
BRDA:12,2,1,14
BRDA:12,2,2,14
BRDA:12,2,3,14
BRDA:17,3,0,0
BRDA:17,3,1,14
BRDA:17,4,0,14
BRDA:17,4,1,14
BRDA:17,4,2,14
BRDA:20,5,0,14
BRDA:20,5,1,14
BRF:15
BRH:13
end_of_record
